\BOOKMARK [1][]{section.1}{\376\377\0001\000.\000\040\000O\000v\000e\000r\000v\000i\000e\000w}{}% 1
\BOOKMARK [1][]{section.2}{\376\377\0002\000.\000\040\0001\000.\000\040\000F\000u\000n\000d\000a\000m\000e\000n\000t\000a\000l\000s\000\040\000o\000f\000\040\000M\000a\000c\000h\000i\000n\000e\000\040\000L\000e\000a\000r\000n\000i\000n\000g}{}% 2
\BOOKMARK [2][]{subsection.2.1}{\376\377\0002\000.\0001\000.\000\040\0001\000.\0001\000\040\000B\000a\000s\000i\000c\000\040\000C\000o\000n\000c\000e\000p\000t\000s\000\040\000a\000n\000d\000\040\000T\000e\000r\000m\000i\000n\000o\000l\000o\000g\000y}{section.2}% 3
\BOOKMARK [2][]{subsection.2.2}{\376\377\0002\000.\0002\000.\000\040\0001\000.\0002\000\040\000H\000y\000p\000o\000t\000h\000e\000s\000i\000s\000\040\000S\000p\000a\000c\000e\000\040\000a\000n\000d\000\040\000I\000n\000d\000u\000c\000t\000i\000v\000e\000\040\000B\000i\000a\000s}{section.2}% 4
\BOOKMARK [2][]{subsection.2.3}{\376\377\0002\000.\0003\000.\000\040\0001\000.\0003\000\040\000D\000e\000v\000e\000l\000o\000p\000m\000e\000n\000t\000\040\000H\000i\000s\000t\000o\000r\000y\000\040\000a\000n\000d\000\040\000C\000u\000r\000r\000e\000n\000t\000\040\000A\000p\000p\000l\000i\000c\000a\000t\000i\000o\000n\000s}{section.2}% 5
\BOOKMARK [1][]{section.3}{\376\377\0003\000.\000\040\0002\000.\000\040\000M\000o\000d\000e\000l\000\040\000E\000v\000a\000l\000u\000a\000t\000i\000o\000n\000\040\000a\000n\000d\000\040\000S\000e\000l\000e\000c\000t\000i\000o\000n}{}% 6
\BOOKMARK [2][]{subsection.3.1}{\376\377\0003\000.\0001\000.\000\040\0002\000.\0001\000\040\000E\000m\000p\000i\000r\000i\000c\000a\000l\000\040\000E\000r\000r\000o\000r\000\040\000a\000n\000d\000\040\000O\000v\000e\000r\000f\000i\000t\000t\000i\000n\000g}{section.3}% 7
\BOOKMARK [2][]{subsection.3.2}{\376\377\0003\000.\0002\000.\000\040\0002\000.\0002\000\040\000E\000v\000a\000l\000u\000a\000t\000i\000o\000n\000\040\000M\000e\000t\000h\000o\000d\000s}{section.3}% 8
\BOOKMARK [2][]{subsection.3.3}{\376\377\0003\000.\0003\000.\000\040\0002\000.\0003\000\040\000P\000e\000r\000f\000o\000r\000m\000a\000n\000c\000e\000\040\000M\000e\000t\000r\000i\000c\000s}{section.3}% 9
\BOOKMARK [2][]{subsection.3.4}{\376\377\0003\000.\0004\000.\000\040\0002\000.\0004\000\040\000B\000i\000a\000s\000-\000V\000a\000r\000i\000a\000n\000c\000e\000\040\000T\000r\000a\000d\000e\000o\000f\000f}{section.3}% 10
\BOOKMARK [1][]{section.4}{\376\377\0004\000.\000\040\0003\000.\000\040\000L\000i\000n\000e\000a\000r\000\040\000M\000o\000d\000e\000l\000s}{}% 11
\BOOKMARK [2][]{subsection.4.1}{\376\377\0004\000.\0001\000.\000\040\0003\000.\0001\000\040\000L\000i\000n\000e\000a\000r\000\040\000R\000e\000g\000r\000e\000s\000s\000i\000o\000n}{section.4}% 12
\BOOKMARK [2][]{subsection.4.2}{\376\377\0004\000.\0002\000.\000\040\0003\000.\0002\000\040\000L\000o\000g\000i\000s\000t\000i\000c\000\040\000R\000e\000g\000r\000e\000s\000s\000i\000o\000n}{section.4}% 13
\BOOKMARK [2][]{subsection.4.3}{\376\377\0004\000.\0003\000.\000\040\0003\000.\0003\000\040\000L\000i\000n\000e\000a\000r\000\040\000D\000i\000s\000c\000r\000i\000m\000i\000n\000a\000n\000t\000\040\000A\000n\000a\000l\000y\000s\000i\000s\000\040\000\050\000L\000D\000A\000\051}{section.4}% 14
\BOOKMARK [2][]{subsection.4.4}{\376\377\0004\000.\0004\000.\000\040\0003\000.\0004\000\040\000M\000u\000l\000t\000i\000-\000c\000l\000a\000s\000s\000\040\000L\000e\000a\000r\000n\000i\000n\000g\000\040\000a\000n\000d\000\040\000C\000l\000a\000s\000s\000\040\000I\000m\000b\000a\000l\000a\000n\000c\000e}{section.4}% 15
\BOOKMARK [1][]{section.5}{\376\377\0005\000.\000\040\0004\000.\000\040\000D\000e\000c\000i\000s\000i\000o\000n\000\040\000T\000r\000e\000e\000s}{}% 16
\BOOKMARK [2][]{subsection.5.1}{\376\377\0005\000.\0001\000.\000\040\0004\000.\0001\000\040\000B\000a\000s\000i\000c\000\040\000P\000r\000i\000n\000c\000i\000p\000l\000e\000s}{section.5}% 17
\BOOKMARK [2][]{subsection.5.2}{\376\377\0005\000.\0002\000.\000\040\0004\000.\0002\000\040\000S\000p\000l\000i\000t\000t\000i\000n\000g\000\040\000C\000r\000i\000t\000e\000r\000i\000a}{section.5}% 18
\BOOKMARK [2][]{subsection.5.3}{\376\377\0005\000.\0003\000.\000\040\0004\000.\0003\000\040\000P\000r\000u\000n\000i\000n\000g\000\040\000T\000e\000c\000h\000n\000i\000q\000u\000e\000s}{section.5}% 19
\BOOKMARK [1][]{section.6}{\376\377\0006\000.\000\040\0005\000.\000\040\000N\000e\000u\000r\000a\000l\000\040\000N\000e\000t\000w\000o\000r\000k\000s}{}% 20
\BOOKMARK [2][]{subsection.6.1}{\376\377\0006\000.\0001\000.\000\040\0005\000.\0001\000\040\000P\000e\000r\000c\000e\000p\000t\000r\000o\000n\000\040\000a\000n\000d\000\040\000M\000u\000l\000t\000i\000-\000l\000a\000y\000e\000r\000\040\000N\000e\000t\000w\000o\000r\000k\000s}{section.6}% 21
\BOOKMARK [2][]{subsection.6.2}{\376\377\0006\000.\0002\000.\000\040\0005\000.\0002\000\040\000B\000a\000c\000k\000p\000r\000o\000p\000a\000g\000a\000t\000i\000o\000n\000\040\000A\000l\000g\000o\000r\000i\000t\000h\000m}{section.6}% 22
\BOOKMARK [2][]{subsection.6.3}{\376\377\0006\000.\0003\000.\000\040\0005\000.\0003\000\040\000D\000e\000e\000p\000\040\000L\000e\000a\000r\000n\000i\000n\000g}{section.6}% 23
\BOOKMARK [1][]{section.7}{\376\377\0007\000.\000\040\0006\000.\000\040\000S\000u\000p\000p\000o\000r\000t\000\040\000V\000e\000c\000t\000o\000r\000\040\000M\000a\000c\000h\000i\000n\000e\000s\000\040\000\050\000S\000V\000M\000\051}{}% 24
\BOOKMARK [2][]{subsection.7.1}{\376\377\0007\000.\0001\000.\000\040\0006\000.\0001\000\040\000M\000a\000x\000i\000m\000u\000m\000\040\000M\000a\000r\000g\000i\000n\000\040\000P\000r\000i\000n\000c\000i\000p\000l\000e}{section.7}% 25
\BOOKMARK [2][]{subsection.7.2}{\376\377\0007\000.\0002\000.\000\040\0006\000.\0002\000\040\000K\000e\000r\000n\000e\000l\000\040\000M\000e\000t\000h\000o\000d\000s}{section.7}% 26
\BOOKMARK [2][]{subsection.7.3}{\376\377\0007\000.\0003\000.\000\040\0006\000.\0003\000\040\000S\000o\000f\000t\000\040\000M\000a\000r\000g\000i\000n\000\040\000a\000n\000d\000\040\000R\000e\000g\000u\000l\000a\000r\000i\000z\000a\000t\000i\000o\000n}{section.7}% 27
\BOOKMARK [1][]{section.8}{\376\377\0008\000.\000\040\0007\000.\000\040\000B\000a\000y\000e\000s\000i\000a\000n\000\040\000M\000e\000t\000h\000o\000d\000s}{}% 28
\BOOKMARK [2][]{subsection.8.1}{\376\377\0008\000.\0001\000.\000\040\0007\000.\0001\000\040\000B\000a\000y\000e\000s\000i\000a\000n\000\040\000D\000e\000c\000i\000s\000i\000o\000n\000\040\000T\000h\000e\000o\000r\000y}{section.8}% 29
\BOOKMARK [2][]{subsection.8.2}{\376\377\0008\000.\0002\000.\000\040\0007\000.\0002\000\040\000N\000a\000i\000v\000e\000\040\000B\000a\000y\000e\000s\000\040\000C\000l\000a\000s\000s\000i\000f\000i\000e\000r}{section.8}% 30
\BOOKMARK [2][]{subsection.8.3}{\376\377\0008\000.\0003\000.\000\040\0007\000.\0003\000\040\000B\000a\000y\000e\000s\000i\000a\000n\000\040\000N\000e\000t\000w\000o\000r\000k\000s}{section.8}% 31
\BOOKMARK [2][]{subsection.8.4}{\376\377\0008\000.\0004\000.\000\040\0007\000.\0004\000\040\000E\000M\000\040\000A\000l\000g\000o\000r\000i\000t\000h\000m}{section.8}% 32
\BOOKMARK [1][]{section.9}{\376\377\0009\000.\000\040\0008\000.\000\040\000E\000n\000s\000e\000m\000b\000l\000e\000\040\000L\000e\000a\000r\000n\000i\000n\000g}{}% 33
\BOOKMARK [2][]{subsection.9.1}{\376\377\0009\000.\0001\000.\000\040\0008\000.\0001\000\040\000C\000o\000r\000e\000\040\000P\000r\000i\000n\000c\000i\000p\000l\000e\000s}{section.9}% 34
\BOOKMARK [2][]{subsection.9.2}{\376\377\0009\000.\0002\000.\000\040\0008\000.\0002\000\040\000B\000o\000o\000s\000t\000i\000n\000g\000\040\000M\000e\000t\000h\000o\000d\000s}{section.9}% 35
\BOOKMARK [2][]{subsection.9.3}{\376\377\0009\000.\0003\000.\000\040\0008\000.\0003\000\040\000B\000a\000g\000g\000i\000n\000g\000\040\000a\000n\000d\000\040\000R\000a\000n\000d\000o\000m\000\040\000F\000o\000r\000e\000s\000t\000s}{section.9}% 36
\BOOKMARK [2][]{subsection.9.4}{\376\377\0009\000.\0004\000.\000\040\0008\000.\0004\000\040\000C\000o\000m\000b\000i\000n\000a\000t\000i\000o\000n\000\040\000S\000t\000r\000a\000t\000e\000g\000i\000e\000s}{section.9}% 37
\BOOKMARK [1][]{section.10}{\376\377\0001\0000\000.\000\040\0009\000.\000\040\000C\000l\000u\000s\000t\000e\000r\000i\000n\000g}{}% 38
\BOOKMARK [2][]{subsection.10.1}{\376\377\0001\0000\000.\0001\000.\000\040\0009\000.\0001\000\040\000U\000n\000s\000u\000p\000e\000r\000v\000i\000s\000e\000d\000\040\000L\000e\000a\000r\000n\000i\000n\000g\000\040\000P\000a\000r\000a\000d\000i\000g\000m}{section.10}% 39
\BOOKMARK [2][]{subsection.10.2}{\376\377\0001\0000\000.\0002\000.\000\040\0009\000.\0002\000\040\000P\000r\000o\000t\000o\000t\000y\000p\000e\000-\000b\000a\000s\000e\000d\000\040\000C\000l\000u\000s\000t\000e\000r\000i\000n\000g}{section.10}% 40
\BOOKMARK [2][]{subsection.10.3}{\376\377\0001\0000\000.\0003\000.\000\040\0009\000.\0003\000\040\000D\000e\000n\000s\000i\000t\000y\000-\000b\000a\000s\000e\000d\000\040\000C\000l\000u\000s\000t\000e\000r\000i\000n\000g}{section.10}% 41
\BOOKMARK [2][]{subsection.10.4}{\376\377\0001\0000\000.\0004\000.\000\040\0009\000.\0004\000\040\000H\000i\000e\000r\000a\000r\000c\000h\000i\000c\000a\000l\000\040\000C\000l\000u\000s\000t\000e\000r\000i\000n\000g}{section.10}% 42
\BOOKMARK [1][]{section.11}{\376\377\0001\0001\000.\000\040\0001\0000\000.\000\040\000D\000i\000m\000e\000n\000s\000i\000o\000n\000a\000l\000i\000t\000y\000\040\000R\000e\000d\000u\000c\000t\000i\000o\000n\000\040\000a\000n\000d\000\040\000M\000e\000t\000r\000i\000c\000\040\000L\000e\000a\000r\000n\000i\000n\000g}{}% 43
\BOOKMARK [2][]{subsection.11.1}{\376\377\0001\0001\000.\0001\000.\000\040\0001\0000\000.\0001\000\040\000C\000u\000r\000s\000e\000\040\000o\000f\000\040\000D\000i\000m\000e\000n\000s\000i\000o\000n\000a\000l\000i\000t\000y}{section.11}% 44
\BOOKMARK [2][]{subsection.11.2}{\376\377\0001\0001\000.\0002\000.\000\040\0001\0000\000.\0002\000\040\000P\000r\000i\000n\000c\000i\000p\000a\000l\000\040\000C\000o\000m\000p\000o\000n\000e\000n\000t\000\040\000A\000n\000a\000l\000y\000s\000i\000s\000\040\000\050\000P\000C\000A\000\051}{section.11}% 45
\BOOKMARK [2][]{subsection.11.3}{\376\377\0001\0001\000.\0003\000.\000\040\0001\0000\000.\0003\000\040\000M\000a\000n\000i\000f\000o\000l\000d\000\040\000L\000e\000a\000r\000n\000i\000n\000g}{section.11}% 46
\BOOKMARK [2][]{subsection.11.4}{\376\377\0001\0001\000.\0004\000.\000\040\0001\0000\000.\0004\000\040\000M\000e\000t\000r\000i\000c\000\040\000L\000e\000a\000r\000n\000i\000n\000g}{section.11}% 47
\BOOKMARK [1][]{section.12}{\376\377\0001\0002\000.\000\040\0001\0001\000.\000\040\000F\000e\000a\000t\000u\000r\000e\000\040\000S\000e\000l\000e\000c\000t\000i\000o\000n\000\040\000a\000n\000d\000\040\000S\000p\000a\000r\000s\000e\000\040\000L\000e\000a\000r\000n\000i\000n\000g}{}% 48
\BOOKMARK [2][]{subsection.12.1}{\376\377\0001\0002\000.\0001\000.\000\040\0001\0001\000.\0001\000\040\000F\000e\000a\000t\000u\000r\000e\000\040\000S\000e\000l\000e\000c\000t\000i\000o\000n\000\040\000A\000p\000p\000r\000o\000a\000c\000h\000e\000s}{section.12}% 49
\BOOKMARK [2][]{subsection.12.2}{\376\377\0001\0002\000.\0002\000.\000\040\0001\0001\000.\0002\000\040\000L\0001\000\040\000R\000e\000g\000u\000l\000a\000r\000i\000z\000a\000t\000i\000o\000n\000\040\000a\000n\000d\000\040\000S\000p\000a\000r\000s\000i\000t\000y}{section.12}% 50
\BOOKMARK [2][]{subsection.12.3}{\376\377\0001\0002\000.\0003\000.\000\040\0001\0001\000.\0003\000\040\000C\000o\000m\000p\000r\000e\000s\000s\000e\000d\000\040\000S\000e\000n\000s\000i\000n\000g}{section.12}% 51
\BOOKMARK [1][]{section.13}{\376\377\0001\0003\000.\000\040\0001\0002\000.\000\040\000C\000o\000m\000p\000u\000t\000a\000t\000i\000o\000n\000a\000l\000\040\000L\000e\000a\000r\000n\000i\000n\000g\000\040\000T\000h\000e\000o\000r\000y}{}% 52
\BOOKMARK [2][]{subsection.13.1}{\376\377\0001\0003\000.\0001\000.\000\040\0001\0002\000.\0001\000\040\000P\000A\000C\000\040\000L\000e\000a\000r\000n\000i\000n\000g\000\040\000F\000r\000a\000m\000e\000w\000o\000r\000k}{section.13}% 53
\BOOKMARK [2][]{subsection.13.2}{\376\377\0001\0003\000.\0002\000.\000\040\0001\0002\000.\0002\000\040\000V\000C\000\040\000D\000i\000m\000e\000n\000s\000i\000o\000n}{section.13}% 54
\BOOKMARK [1][]{section.14}{\376\377\0001\0004\000.\000\040\0001\0003\000.\000\040\000S\000e\000m\000i\000-\000s\000u\000p\000e\000r\000v\000i\000s\000e\000d\000\040\000L\000e\000a\000r\000n\000i\000n\000g}{}% 55
\BOOKMARK [2][]{subsection.14.1}{\376\377\0001\0004\000.\0001\000.\000\040\0001\0003\000.\0001\000\040\000L\000e\000a\000r\000n\000i\000n\000g\000\040\000w\000i\000t\000h\000\040\000L\000i\000m\000i\000t\000e\000d\000\040\000L\000a\000b\000e\000l\000s}{section.14}% 56
\BOOKMARK [2][]{subsection.14.2}{\376\377\0001\0004\000.\0002\000.\000\040\0001\0003\000.\0002\000\040\000K\000e\000y\000\040\000A\000s\000s\000u\000m\000p\000t\000i\000o\000n\000s}{section.14}% 57
\BOOKMARK [2][]{subsection.14.3}{\376\377\0001\0004\000.\0003\000.\000\040\0001\0003\000.\0003\000\040\000M\000e\000t\000h\000o\000d\000s}{section.14}% 58
\BOOKMARK [1][]{section.15}{\376\377\0001\0005\000.\000\040\0001\0004\000.\000\040\000P\000r\000o\000b\000a\000b\000i\000l\000i\000s\000t\000i\000c\000\040\000G\000r\000a\000p\000h\000i\000c\000a\000l\000\040\000M\000o\000d\000e\000l\000s}{}% 59
\BOOKMARK [2][]{subsection.15.1}{\376\377\0001\0005\000.\0001\000.\000\040\0001\0004\000.\0001\000\040\000H\000i\000d\000d\000e\000n\000\040\000M\000a\000r\000k\000o\000v\000\040\000M\000o\000d\000e\000l\000s\000\040\000\050\000H\000M\000M\000\051}{section.15}% 60
\BOOKMARK [2][]{subsection.15.2}{\376\377\0001\0005\000.\0002\000.\000\040\0001\0004\000.\0002\000\040\000M\000a\000r\000k\000o\000v\000\040\000R\000a\000n\000d\000o\000m\000\040\000F\000i\000e\000l\000d\000s}{section.15}% 61
\BOOKMARK [2][]{subsection.15.3}{\376\377\0001\0005\000.\0003\000.\000\040\0001\0004\000.\0003\000\040\000C\000o\000n\000d\000i\000t\000i\000o\000n\000a\000l\000\040\000R\000a\000n\000d\000o\000m\000\040\000F\000i\000e\000l\000d\000s\000\040\000\050\000C\000R\000F\000\051}{section.15}% 62
\BOOKMARK [1][]{section.16}{\376\377\0001\0006\000.\000\040\0001\0005\000.\000\040\000R\000u\000l\000e\000\040\000L\000e\000a\000r\000n\000i\000n\000g}{}% 63
\BOOKMARK [2][]{subsection.16.1}{\376\377\0001\0006\000.\0001\000.\000\040\0001\0005\000.\0001\000\040\000S\000y\000m\000b\000o\000l\000i\000c\000\040\000L\000e\000a\000r\000n\000i\000n\000g}{section.16}% 64
\BOOKMARK [2][]{subsection.16.2}{\376\377\0001\0006\000.\0002\000.\000\040\0001\0005\000.\0002\000\040\000S\000e\000q\000u\000e\000n\000t\000i\000a\000l\000\040\000C\000o\000v\000e\000r\000i\000n\000g}{section.16}% 65
\BOOKMARK [2][]{subsection.16.3}{\376\377\0001\0006\000.\0003\000.\000\040\0001\0005\000.\0003\000\040\000I\000n\000d\000u\000c\000t\000i\000v\000e\000\040\000L\000o\000g\000i\000c\000\040\000P\000r\000o\000g\000r\000a\000m\000m\000i\000n\000g}{section.16}% 66
\BOOKMARK [1][]{section.17}{\376\377\0001\0007\000.\000\040\0001\0006\000.\000\040\000R\000e\000i\000n\000f\000o\000r\000c\000e\000m\000e\000n\000t\000\040\000L\000e\000a\000r\000n\000i\000n\000g}{}% 67
\BOOKMARK [2][]{subsection.17.1}{\376\377\0001\0007\000.\0001\000.\000\040\0001\0006\000.\0001\000\040\000L\000e\000a\000r\000n\000i\000n\000g\000\040\000f\000r\000o\000m\000\040\000I\000n\000t\000e\000r\000a\000c\000t\000i\000o\000n}{section.17}% 68
\BOOKMARK [2][]{subsection.17.2}{\376\377\0001\0007\000.\0002\000.\000\040\0001\0006\000.\0002\000\040\000K\000e\000y\000\040\000C\000o\000m\000p\000o\000n\000e\000n\000t\000s}{section.17}% 69
\BOOKMARK [2][]{subsection.17.3}{\376\377\0001\0007\000.\0003\000.\000\040\0001\0006\000.\0003\000\040\000V\000a\000l\000u\000e\000\040\000F\000u\000n\000c\000t\000i\000o\000n\000s}{section.17}% 70
\BOOKMARK [2][]{subsection.17.4}{\376\377\0001\0007\000.\0004\000.\000\040\0001\0006\000.\0004\000\040\000L\000e\000a\000r\000n\000i\000n\000g\000\040\000A\000p\000p\000r\000o\000a\000c\000h\000e\000s}{section.17}% 71
\BOOKMARK [1][]{section.18}{\376\377\0001\0008\000.\000\040\000C\000o\000n\000c\000l\000u\000s\000i\000o\000n}{}% 72
