\BOOKMARK [1][]{section.1}{\376\377\0001\000.\000\040\000O\000v\000e\000r\000v\000i\000e\000w}{}% 1
\BOOKMARK [1][]{section.2}{\376\377\0002\000.\000\040\0003\000.\0001\000\040\000I\000m\000p\000l\000i\000c\000a\000t\000i\000o\000n\000\040\000a\000n\000d\000\040\000t\000h\000e\000\040\000U\000n\000i\000v\000e\000r\000s\000a\000l\000\040\000Q\000u\000a\000n\000t\000i\000f\000i\000e\000r}{}% 2
\BOOKMARK [2][]{subsection.2.1}{\376\377\0002\000.\0001\000.\000\040\000U\000n\000i\000v\000e\000r\000s\000a\000l\000\040\000Q\000u\000a\000n\000t\000i\000f\000i\000c\000a\000t\000i\000o\000n\000\040\000\050\042\000\000\051}{section.2}% 3
\BOOKMARK [2][]{subsection.2.2}{\376\377\0002\000.\0002\000.\000\040\000I\000m\000p\000l\000i\000c\000a\000t\000i\000o\000n\000\040\000\050\041\222\000\051}{section.2}% 4
\BOOKMARK [2][]{subsection.2.3}{\376\377\0002\000.\0003\000.\000\040\000K\000e\000y\000\040\000T\000a\000c\000t\000i\000c\000s\000\040\000f\000o\000r\000\040\000U\000n\000i\000v\000e\000r\000s\000a\000l\000\040\000Q\000u\000a\000n\000t\000i\000f\000i\000e\000r\000s\000\040\000a\000n\000d\000\040\000I\000m\000p\000l\000i\000c\000a\000t\000i\000o\000n\000s}{section.2}% 5
\BOOKMARK [2][]{subsection.2.4}{\376\377\0002\000.\0004\000.\000\040\000I\000m\000p\000l\000i\000c\000i\000t\000\040\000v\000s\000\040\000E\000x\000p\000l\000i\000c\000i\000t\000\040\000A\000r\000g\000u\000m\000e\000n\000t\000s}{section.2}% 6
\BOOKMARK [2][]{subsection.2.5}{\376\377\0002\000.\0005\000.\000\040\000W\000o\000r\000k\000i\000n\000g\000\040\000w\000i\000t\000h\000\040\000D\000e\000f\000i\000n\000i\000t\000i\000o\000n\000s}{section.2}% 7
\BOOKMARK [1][]{section.3}{\376\377\0003\000.\000\040\0003\000.\0002\000\040\000T\000h\000e\000\040\000E\000x\000i\000s\000t\000e\000n\000t\000i\000a\000l\000\040\000Q\000u\000a\000n\000t\000i\000f\000i\000e\000r}{}% 8
\BOOKMARK [2][]{subsection.3.1}{\376\377\0003\000.\0001\000.\000\040\000B\000a\000s\000i\000c\000\040\000S\000y\000n\000t\000a\000x\000\040\000\050\042\003\000\051}{section.3}% 9
\BOOKMARK [2][]{subsection.3.2}{\376\377\0003\000.\0002\000.\000\040\000K\000e\000y\000\040\000T\000a\000c\000t\000i\000c\000s\000\040\000f\000o\000r\000\040\000E\000x\000i\000s\000t\000e\000n\000t\000i\000a\000l\000\040\000Q\000u\000a\000n\000t\000i\000f\000i\000e\000r\000s}{section.3}% 10
\BOOKMARK [2][]{subsection.3.3}{\376\377\0003\000.\0003\000.\000\040\000A\000n\000o\000n\000y\000m\000o\000u\000s\000\040\000C\000o\000n\000s\000t\000r\000u\000c\000t\000o\000r\000\040\000S\000y\000n\000t\000a\000x}{section.3}% 11
\BOOKMARK [1][]{section.4}{\376\377\0004\000.\000\040\0003\000.\0003\000\040\000N\000e\000g\000a\000t\000i\000o\000n}{}% 12
\BOOKMARK [2][]{subsection.4.1}{\376\377\0004\000.\0001\000.\000\040\000B\000a\000s\000i\000c\000\040\000S\000y\000n\000t\000a\000x\000\040\000\050\000\254\000\051}{section.4}% 13
\BOOKMARK [2][]{subsection.4.2}{\376\377\0004\000.\0002\000.\000\040\000K\000e\000y\000\040\000T\000a\000c\000t\000i\000c\000s\000\040\000f\000o\000r\000\040\000N\000e\000g\000a\000t\000i\000o\000n}{section.4}% 14
\BOOKMARK [2][]{subsection.4.3}{\376\377\0004\000.\0003\000.\000\040\000C\000l\000a\000s\000s\000i\000c\000a\000l\000\040\000v\000s\000\040\000C\000o\000n\000s\000t\000r\000u\000c\000t\000i\000v\000e\000\040\000L\000o\000g\000i\000c}{section.4}% 15
\BOOKMARK [1][]{section.5}{\376\377\0005\000.\000\040\0003\000.\0004\000\040\000C\000o\000n\000j\000u\000n\000c\000t\000i\000o\000n\000\040\000a\000n\000d\000\040\000I\000f\000f}{}% 16
\BOOKMARK [2][]{subsection.5.1}{\376\377\0005\000.\0001\000.\000\040\000C\000o\000n\000j\000u\000n\000c\000t\000i\000o\000n\000\040\000\050\042\047\000\051}{section.5}% 17
\BOOKMARK [2][]{subsection.5.2}{\376\377\0005\000.\0002\000.\000\040\000B\000i\000c\000o\000n\000d\000i\000t\000i\000o\000n\000a\000l\000\040\000\050\041\224\000\051}{section.5}% 18
\BOOKMARK [1][]{section.6}{\376\377\0006\000.\000\040\0003\000.\0005\000\040\000D\000i\000s\000j\000u\000n\000c\000t\000i\000o\000n}{}% 19
\BOOKMARK [2][]{subsection.6.1}{\376\377\0006\000.\0001\000.\000\040\000B\000a\000s\000i\000c\000\040\000S\000y\000n\000t\000a\000x\000\040\000\050\042\050\000\051}{section.6}% 20
\BOOKMARK [2][]{subsection.6.2}{\376\377\0006\000.\0002\000.\000\040\000K\000e\000y\000\040\000T\000a\000c\000t\000i\000c\000s\000\040\000f\000o\000r\000\040\000D\000i\000s\000j\000u\000n\000c\000t\000i\000o\000n}{section.6}% 21
\BOOKMARK [2][]{lstlisting.-29}{\376\377\0006\000.\0003\000.\000\040\000C\000l\000a\000s\000s\000i\000c\000a\000l\000\040\000R\000e\000a\000s\000o\000n\000i\000n\000g\000\040\000P\000a\000t\000t\000e\000r\000n\000s}{section.6}% 22
\BOOKMARK [1][]{section.7}{\376\377\0007\000.\000\040\0003\000.\0006\000\040\000S\000e\000q\000u\000e\000n\000c\000e\000s\000\040\000a\000n\000d\000\040\000C\000o\000n\000v\000e\000r\000g\000e\000n\000c\000e}{}% 23
\BOOKMARK [2][]{lstlisting.-30}{\376\377\0007\000.\0001\000.\000\040\000D\000e\000f\000i\000n\000i\000n\000g\000\040\000C\000o\000n\000v\000e\000r\000g\000e\000n\000c\000e}{section.7}% 24
\BOOKMARK [2][]{subsection.7.2}{\376\377\0007\000.\0002\000.\000\040\000E\000x\000a\000m\000p\000l\000e\000\040\000P\000r\000o\000o\000f\000s}{section.7}% 25
\BOOKMARK [1][]{section.8}{\376\377\0008\000.\000\040\000E\000s\000s\000e\000n\000t\000i\000a\000l\000\040\000T\000a\000c\000t\000i\000c\000s\000\040\000S\000u\000m\000m\000a\000r\000y}{}% 26
\BOOKMARK [1][]{section.9}{\376\377\0009\000.\000\040\000C\000o\000m\000m\000o\000n\000\040\000P\000a\000t\000t\000e\000r\000n\000s}{}% 27
\BOOKMARK [2][]{lstlisting.-33}{\376\377\0009\000.\0001\000.\000\040\000P\000r\000o\000o\000f\000\040\000b\000y\000\040\000C\000a\000s\000e\000s}{section.9}% 28
\BOOKMARK [2][]{lstlisting.-34}{\376\377\0009\000.\0002\000.\000\040\000D\000o\000u\000b\000l\000e\000\040\000N\000e\000g\000a\000t\000i\000o\000n}{section.9}% 29
\BOOKMARK [2][]{lstlisting.-35}{\376\377\0009\000.\0003\000.\000\040\000C\000o\000n\000t\000r\000a\000p\000o\000s\000i\000t\000i\000o\000n}{section.9}% 30
