\BOOKMARK [1][]{section.1}{\376\377\0001\000.\000\040\137\256\122\006\137\142\137\017\166\204\133\232\116\111}{}% 1
\BOOKMARK [2][]{subsection.1.1}{\376\377\0001\000.\0001\000.\000\040\0001\000.\000\040\137\256\122\006\137\142\137\017\124\214\131\026\137\256\122\006}{section.1}% 2
\BOOKMARK [2][]{subsection.1.2}{\376\377\0001\000.\0002\000.\000\040\0002\000.\000\040\000d\000e\000\040\000R\000h\000a\000m\000\040\116\012\124\014\214\003}{section.1}% 3
\BOOKMARK [2][]{subsection.1.3}{\376\377\0001\000.\0003\000.\000\040\0003\000.\000\040\131\015\155\101\137\142\116\012\166\204\137\256\122\006\137\142\137\017}{section.1}% 4
\BOOKMARK [2][]{subsection.1.4}{\376\377\0001\000.\0004\000.\000\040\0004\000.\000\040\227\015\131\107\116\012\124\014\214\003\177\244\000\040\000H\000p\000,\000q\000\040\166\204\133\232\116\111}{section.1}% 5
\BOOKMARK [2][]{subsection.1.5}{\376\377\0001\000.\0005\000.\000\040\0005\000.\000\040\227\015\131\107\122\006\211\343\133\232\164\006\000\040\000\050\000H\000o\000d\000g\000e\000\040\000D\000e\000c\000o\000m\000p\000o\000s\000i\000t\000i\000o\000n\000\040\000T\000h\000e\000o\000r\000e\000m\000\051}{section.1}% 6
\BOOKMARK [1][]{section.2}{\376\377\0002\000.\000\040\134\102\116\012\124\014\214\003\166\204\133\232\116\111}{}% 7
\BOOKMARK [2][]{subsection.2.1}{\376\377\0002\000.\0001\000.\000\040\0001\000.\000\040\121\150\176\257\137\256\122\006\137\142\137\017\166\204\134\102\000\040\000\050\000S\000h\000e\000a\000f\000\040\000o\000f\000\040\000H\000o\000l\000o\000m\000o\000r\000p\000h\000i\000c\000\040\000D\000i\000f\000f\000e\000r\000e\000n\000t\000i\000a\000l\000\040\000F\000o\000r\000m\000s\000\051}{section.2}% 8
\BOOKMARK [2][]{subsection.2.2}{\376\377\0002\000.\0002\000.\000\040\0002\000.\000\040\000D\000o\000l\000b\000e\000a\000u\000l\000t\000\040\116\012\124\014\214\003\166\204\134\102\116\012\124\014\214\003\133\232\116\111}{section.2}% 9
\BOOKMARK [2][]{subsection.2.3}{\376\377\0002\000.\0003\000.\000\040\140\073\176\323}{section.2}% 10
\BOOKMARK [1][]{section.3}{\376\377\0003\000.\000\040\117\213\133\120\377\032\000P\0001\000\050\000C\000\051}{}% 11
\BOOKMARK [2][]{subsection.3.1}{\376\377\0003\000.\0001\000.\000\040\0001\000.\000\040\155\101\137\142\166\204\127\372\147\054\117\341\140\157}{section.3}% 12
\BOOKMARK [2][]{subsection.3.2}{\376\377\0003\000.\0002\000.\000\040\0002\000.\000\040\213\241\173\227\000\040\000H\0000\000,\0000\000\050\000P\0001\000\051}{section.3}% 13
\BOOKMARK [2][]{subsection.3.3}{\376\377\0003\000.\0003\000.\000\040\0003\000.\000\040\213\241\173\227\000\040\000H\0001\000,\0000\000\050\000P\0001\000\051}{section.3}% 14
\BOOKMARK [2][]{subsection.3.4}{\376\377\0003\000.\0004\000.\000\040\0004\000.\000\040\213\241\173\227\000\040\000H\0000\000,\0001\000\050\000P\0001\000\051}{section.3}% 15
\BOOKMARK [2][]{subsection.3.5}{\376\377\0003\000.\0005\000.\000\040\0005\000.\000\040\213\241\173\227\000\040\000H\0001\000,\0001\000\050\000P\0001\000\051}{section.3}% 16
\BOOKMARK [2][]{subsection.3.6}{\376\377\0003\000.\0006\000.\000\040\140\073\176\323\227\015\131\107\203\361\137\142}{section.3}% 17
\BOOKMARK [1][]{section.4}{\376\377\0004\000.\000\040\116\072\116\300\116\110\123\352\213\241\173\227\121\372\176\364\145\160\377\014\200\014\116\015\121\231\121\372\121\167\117\123\166\204\177\244\377\037}{}% 18
\BOOKMARK [2][]{subsection.4.1}{\376\377\0004\000.\0001\000.\000\040\0001\000.\000\040\227\015\131\107\116\012\124\014\214\003\177\244\166\204\147\054\215\050}{section.4}% 19
\BOOKMARK [2][]{subsection.4.2}{\376\377\0004\000.\0002\000.\000\040\0002\000.\000\040\213\241\173\227\127\372\166\204\126\360\226\276\140\047}{section.4}% 20
\BOOKMARK [2][]{subsection.4.3}{\376\377\0004\000.\0003\000.\000\040\0003\000.\000\040\176\364\145\160\166\204\121\340\117\125\124\214\142\323\142\121\141\017\116\111}{section.4}% 21
\BOOKMARK [2][]{subsection.4.4}{\376\377\0004\000.\0004\000.\000\040\0004\000.\000\040\162\171\153\212\140\305\121\265\116\013\166\204\127\372}{section.4}% 22
\BOOKMARK [2][]{subsection.4.5}{\376\377\0004\000.\0005\000.\000\040\140\073\176\323}{section.4}% 23
\BOOKMARK [1][]{section.5}{\376\377\0005\000.\000\040\117\213\133\120\377\032\000P\0001\000\050\000C\000\051\000\040\166\204\121\167\117\123\227\015\131\107\116\012\124\014\214\003\177\244}{}% 24
\BOOKMARK [2][]{subsection.5.1}{\376\377\0005\000.\0001\000.\000\040\0001\000.\000\040\000H\0000\000,\0000\000\050\000P\0001\000\051}{section.5}% 25
\BOOKMARK [2][]{subsection.5.2}{\376\377\0005\000.\0002\000.\000\040\0002\000.\000\040\000H\0001\000,\0000\000\050\000P\0001\000\051\000\040\124\214\000\040\000H\0000\000,\0001\000\050\000P\0001\000\051}{section.5}% 26
\BOOKMARK [2][]{subsection.5.3}{\376\377\0005\000.\0003\000.\000\040\0003\000.\000\040\000H\0001\000,\0001\000\050\000P\0001\000\051}{section.5}% 27
\BOOKMARK [2][]{subsection.5.4}{\376\377\0005\000.\0004\000.\000\040\140\073\176\323}{section.5}% 28
\BOOKMARK [1][]{section.6}{\376\377\0006\000.\000\040\000K\000\344\000h\000l\000e\000r\000\040\000M\000a\000n\000i\000f\000o\000l\000d}{}% 29
\BOOKMARK [2][]{subsection.6.1}{\376\377\0006\000.\0001\000.\000\040\000G\000e\000n\000e\000r\000a\000l\000\040\000S\000t\000e\000p\000-\000b\000y\000-\000S\000t\000e\000p\000\040\000P\000r\000o\000c\000e\000s\000s}{section.6}% 30
\BOOKMARK [2][]{subsection.6.2}{\376\377\0006\000.\0002\000.\000\040\000E\000x\000a\000m\000p\000l\000e\000\040\000C\000o\000m\000p\000u\000t\000a\000t\000i\000o\000n\000s}{section.6}% 31
