\BOOKMARK [1][]{section.1}{\376\377\0001\000.\000\040\0001\000.\000\040\000I\000n\000t\000r\000o\000d\000u\000c\000t\000i\000o\000n\000\040\000a\000n\000d\000\040\000B\000a\000s\000i\000c\000\040\000D\000e\000f\000i\000n\000i\000t\000i\000o\000n\000s}{}% 1
\BOOKMARK [2][]{subsection.1.1}{\376\377\0001\000.\0001\000.\000\040\0001\000.\0001\000\040\000T\000h\000e\000\040\000P\000r\000o\000b\000a\000b\000i\000l\000i\000t\000y\000\040\000S\000i\000m\000p\000l\000e\000x}{section.1}% 2
\BOOKMARK [2][]{subsection.1.2}{\376\377\0001\000.\0002\000.\000\040\0001\000.\0002\000\040\000T\000h\000e\000\040\000A\000i\000t\000c\000h\000i\000s\000o\000n\000\040\000G\000e\000o\000m\000e\000t\000r\000y}{section.1}% 3
\BOOKMARK [2][]{subsection.1.3}{\376\377\0001\000.\0003\000.\000\040\0001\000.\0003\000\040\000T\000h\000e\000\040\000C\000e\000n\000t\000e\000r\000e\000d\000\040\000L\000o\000g\000-\000R\000a\000t\000i\000o\000\040\000\050\000c\000l\000r\000\051\000\040\000T\000r\000a\000n\000s\000f\000o\000r\000m}{section.1}% 4
\BOOKMARK [1][]{section.2}{\376\377\0002\000.\000\040\0002\000.\000\040\000W\000h\000a\000t\000\040\000i\000s\000\040\000a\000\040\000N\000o\000r\000m\000?}{}% 5
\BOOKMARK [1][]{section.3}{\376\377\0003\000.\000\040\0003\000.\000\040\000V\000a\000l\000i\000d\000\040\000N\000o\000r\000m\000s\000\040\000o\000n\000\040\000t\000h\000e\000\040\000A\000i\000t\000c\000h\000i\000s\000o\000n\000\040\000S\000p\000a\000c\000e}{}% 6
\BOOKMARK [2][]{subsection.3.1}{\376\377\0003\000.\0001\000.\000\040\0003\000.\0001\000\040\000T\000h\000e\000\040\000L\000p\000\040\000N\000o\000r\000m\000s\000\040\000\050\000C\000o\000m\000p\000l\000e\000t\000e\000\040\000A\000n\000a\000l\000y\000s\000i\000s\000\051}{section.3}% 7
\BOOKMARK [2][]{subsection.3.2}{\376\377\0003\000.\0002\000.\000\040\0003\000.\0002\000\040\000T\000h\000e\000\040\000D\000u\000a\000l\000\040\000N\000o\000r\000m}{section.3}% 8
\BOOKMARK [2][]{subsection.3.3}{\376\377\0003\000.\0003\000.\000\040\0003\000.\0003\000\040\000W\000e\000i\000g\000h\000t\000e\000d\000\040\000L\000p\000\040\000N\000o\000r\000m\000s}{section.3}% 9
\BOOKMARK [2][]{subsection.3.4}{\376\377\0003\000.\0004\000.\000\040\0003\000.\0003\000\040\000W\000e\000i\000g\000h\000t\000e\000d\000\040\000L\000p\000\040\000N\000o\000r\000m\000s\000\040\000\050\000C\000o\000m\000p\000l\000e\000t\000e\000\040\000A\000n\000a\000l\000y\000s\000i\000s\000\051}{section.3}% 10
\BOOKMARK [2][]{subsection.3.5}{\376\377\0003\000.\0005\000.\000\040\0003\000.\0004\000\040\000O\000r\000l\000i\000c\000z\000\040\000N\000o\000r\000m\000s\000\040\000\050\000A\000d\000v\000a\000n\000c\000e\000d\000\040\000T\000o\000p\000i\000c\000\051}{section.3}% 11
\BOOKMARK [2][]{subsection.3.6}{\376\377\0003\000.\0006\000.\000\040\0003\000.\0004\000\040\000O\000r\000l\000i\000c\000z\000\040\000N\000o\000r\000m\000s\000\040\000\050\000C\000o\000m\000p\000l\000e\000t\000e\000\040\000A\000n\000a\000l\000y\000s\000i\000s\000\051}{section.3}% 12
\BOOKMARK [1][]{section.4}{\376\377\0004\000.\000\040\0004\000.\000\040\000C\000o\000n\000n\000e\000c\000t\000i\000o\000n\000\040\000t\000o\000\040\000I\000n\000f\000o\000r\000m\000a\000t\000i\000o\000n\000\040\000G\000e\000o\000m\000e\000t\000r\000y}{}% 13
\BOOKMARK [2][]{subsection.4.1}{\376\377\0004\000.\0001\000.\000\040\0004\000.\0001\000\040\000W\000h\000a\000t\000\040\000a\000r\000e\000\040\000E\000x\000p\000o\000n\000e\000n\000t\000i\000a\000l\000\040\000a\000n\000d\000\040\000M\000i\000x\000t\000u\000r\000e\000\040\000F\000a\000m\000i\000l\000i\000e\000s\000?}{section.4}% 14
\BOOKMARK [2][]{subsection.4.2}{\376\377\0004\000.\0002\000.\000\040\0004\000.\0002\000\040\000T\000h\000e\000\040\000D\000u\000a\000l\000i\000t\000y}{section.4}% 15
\BOOKMARK [2][]{subsection.4.3}{\376\377\0004\000.\0003\000.\000\040\0004\000.\0003\000\040\000T\000h\000e\000\040\000D\000e\000e\000p\000\040\000C\000o\000n\000n\000e\000c\000t\000i\000o\000n\000:\000\040\000H\000o\000w\000\040\000N\000o\000r\000m\000\040\000D\000u\000a\000l\000i\000t\000y\000\040\000R\000e\000f\000l\000e\000c\000t\000s\000\040\000e\000/\000m\000\040\000D\000u\000a\000l\000i\000t\000y}{section.4}% 16
\BOOKMARK [2][]{subsection.4.4}{\376\377\0004\000.\0004\000.\000\040\0004\000.\0004\000\040\000S\000u\000m\000m\000a\000r\000y\000\040\000o\000f\000\040\000t\000h\000e\000\040\000D\000e\000e\000p\000\040\000C\000o\000n\000n\000e\000c\000t\000i\000o\000n}{section.4}% 17
\BOOKMARK [1][]{section.5}{\376\377\0005\000.\000\040\0005\000.\000\040\000W\000h\000y\000\040\000O\000t\000h\000e\000r\000\040\000"\000N\000a\000t\000u\000r\000a\000l\000"\000\040\000C\000a\000n\000d\000i\000d\000a\000t\000e\000s\000\040\000F\000a\000i\000l}{}% 18
\BOOKMARK [2][]{subsection.5.1}{\376\377\0005\000.\0001\000.\000\040\0005\000.\0001\000\040\000F\000i\000s\000h\000e\000r\000\040\000I\000n\000f\000o\000r\000m\000a\000t\000i\000o\000n\000\040\000W\000e\000i\000g\000h\000t\000e\000d\000\040\000N\000o\000r\000m}{section.5}% 19
\BOOKMARK [2][]{subsection.5.2}{\376\377\0005\000.\0002\000.\000\040\0005\000.\0002\000\040\000B\000r\000e\000g\000m\000a\000n\000-\000E\000x\000p\000o\000n\000e\000n\000t\000i\000a\000l\000\040\000N\000o\000r\000m}{section.5}% 20
\BOOKMARK [2][]{subsection.5.3}{\376\377\0005\000.\0003\000.\000\040\0005\000.\0003\000\040\000K\000L\000-\000D\000i\000v\000e\000r\000g\000e\000n\000c\000e\000\040\000B\000a\000s\000e\000d\000\040\000N\000o\000r\000m}{section.5}% 21
\BOOKMARK [1][]{section.6}{\376\377\0006\000.\000\040\0006\000.\000\040\000T\000h\000e\000\040\000M\000o\000s\000t\000\040\000S\000u\000i\000t\000a\000b\000l\000e\000\040\000N\000o\000r\000m\000s\000:\000\040\000W\000e\000i\000g\000h\000t\000e\000d\000\040\000L\000p\000\040\000a\000n\000d\000\040\000O\000r\000l\000i\000c\000z\000\040\000N\000o\000r\000m\000s}{}% 22
\BOOKMARK [2][]{subsection.6.1}{\376\377\0006\000.\0001\000.\000\040\0006\000.\0001\000\040\000W\000h\000y\000\040\000t\000h\000e\000\040\000S\000t\000a\000n\000d\000a\000r\000d\000\040\000L\0002\000\040\000N\000o\000r\000m\000\040\000i\000s\000\040\000I\000n\000s\000u\000f\000f\000i\000c\000i\000e\000n\000t}{section.6}% 23
\BOOKMARK [2][]{subsection.6.2}{\376\377\0006\000.\0002\000.\000\040\0006\000.\0002\000\040\000W\000e\000i\000g\000h\000t\000e\000d\000\040\000L\000p\000\040\000N\000o\000r\000m\000s\000:\000\040\000T\000h\000e\000\040\000N\000a\000t\000u\000r\000a\000l\000\040\000G\000e\000n\000e\000r\000a\000l\000i\000z\000a\000t\000i\000o\000n}{section.6}% 24
\BOOKMARK [2][]{subsection.6.3}{\376\377\0006\000.\0003\000.\000\040\0006\000.\0003\000\040\000O\000r\000l\000i\000c\000z\000\040\000N\000o\000r\000m\000s\000:\000\040\000T\000h\000e\000\040\000M\000o\000s\000t\000\040\000G\000e\000n\000e\000r\000a\000l\000\040\000S\000u\000i\000t\000a\000b\000l\000e\000\040\000F\000r\000a\000m\000e\000w\000o\000r\000k}{section.6}% 25
\BOOKMARK [2][]{subsection.6.4}{\376\377\0006\000.\0004\000.\000\040\0006\000.\0004\000\040\000P\000r\000a\000c\000t\000i\000c\000a\000l\000\040\000G\000u\000i\000d\000e\000l\000i\000n\000e\000s\000\040\000f\000o\000r\000\040\000N\000o\000r\000m\000\040\000S\000e\000l\000e\000c\000t\000i\000o\000n}{section.6}% 26
\BOOKMARK [1][]{section.7}{\376\377\0007\000.\000\040\0007\000.\000\040\000S\000u\000m\000m\000a\000r\000y}{}% 27
