This is XeTeX, Version 3.141592653-2.6-0.999997 (MiKTeX 25.3) (preloaded format=xelatex 2025.3.26)  7 JUL 2025 23:53
entering extended mode
 restricted \write18 enabled.
 %&-line parsing enabled.
**./inner-product.tex
(inner-product.tex
LaTeX2e <2024-11-01> patch level 2
L3 programming layer <2025-01-18>
(E:\Miktex\tex/latex/amscls\amsart.cls
Document Class: amsart 2020/05/29 v2.20.6
\linespacing=\dimen141
\normalparindent=\dimen142
\normaltopskip=\skip49
(E:\Miktex\tex/latex/amsmath\amsmath.sty
Package: amsmath 2024/11/05 v2.17t AMS math features
\@mathmargin=\skip50

For additional information on amsmath, use the `?' option.
(E:\Miktex\tex/latex/amsmath\amstext.sty
Package: amstext 2021/08/26 v2.01 AMS text

(E:\Miktex\tex/latex/amsmath\amsgen.sty
File: amsgen.sty 1999/11/30 v2.0 generic functions
\@emptytoks=\toks17
\ex@=\dimen143
))
(E:\Miktex\tex/latex/amsmath\amsbsy.sty
Package: amsbsy 1999/11/29 v1.2d Bold Symbols
\pmbraise@=\dimen144
)
(E:\Miktex\tex/latex/amsmath\amsopn.sty
Package: amsopn 2022/04/08 v2.04 operator names
)
\inf@bad=\count192
LaTeX Info: Redefining \frac on input line 233.
\uproot@=\count193
\leftroot@=\count194
LaTeX Info: Redefining \overline on input line 398.
LaTeX Info: Redefining \colon on input line 409.
\classnum@=\count195
\DOTSCASE@=\count196
LaTeX Info: Redefining \ldots on input line 495.
LaTeX Info: Redefining \dots on input line 498.
LaTeX Info: Redefining \cdots on input line 619.
\Mathstrutbox@=\box52
\strutbox@=\box53
LaTeX Info: Redefining \big on input line 721.
LaTeX Info: Redefining \Big on input line 722.
LaTeX Info: Redefining \bigg on input line 723.
LaTeX Info: Redefining \Bigg on input line 724.
\big@size=\dimen145
LaTeX Font Info:    Redeclaring font encoding OML on input line 742.
LaTeX Font Info:    Redeclaring font encoding OMS on input line 743.
\macc@depth=\count197
LaTeX Info: Redefining \bmod on input line 904.
LaTeX Info: Redefining \pmod on input line 909.
LaTeX Info: Redefining \smash on input line 939.
LaTeX Info: Redefining \relbar on input line 969.
LaTeX Info: Redefining \Relbar on input line 970.
\c@MaxMatrixCols=\count198
\dotsspace@=\muskip17
\c@parentequation=\count199
\dspbrk@lvl=\count266
\tag@help=\toks18
\row@=\count267
\column@=\count268
\maxfields@=\count269
\andhelp@=\toks19
\eqnshift@=\dimen146
\alignsep@=\dimen147
\tagshift@=\dimen148
\tagwidth@=\dimen149
\totwidth@=\dimen150
\lineht@=\dimen151
\@envbody=\toks20
\multlinegap=\skip51
\multlinetaggap=\skip52
\mathdisplay@stack=\toks21
LaTeX Info: Redefining \[ on input line 2953.
LaTeX Info: Redefining \] on input line 2954.
)
LaTeX Font Info:    Trying to load font information for U+msa on input line 397
.
 (E:\Miktex\tex/latex/amsfonts\umsa.fd
File: umsa.fd 2013/01/14 v3.01 AMS symbols A
) (E:\Miktex\tex/latex/amsfonts\amsfonts.sty
Package: amsfonts 2013/01/14 v3.01 Basic AMSFonts support
\symAMSa=\mathgroup4
\symAMSb=\mathgroup5
LaTeX Font Info:    Redeclaring math symbol \hbar on input line 98.
LaTeX Font Info:    Overwriting math alphabet `\mathfrak' in version `bold'
(Font)                  U/euf/m/n --> U/euf/b/n on input line 106.
)
\copyins=\insert252
\abstractbox=\box54
\listisep=\skip53
\c@part=\count270
\c@section=\count271
\c@subsection=\count272
\c@subsubsection=\count273
\c@paragraph=\count274
\c@subparagraph=\count275
\c@figure=\count276
\c@table=\count277
\abovecaptionskip=\skip54
\belowcaptionskip=\skip55
\captionindent=\dimen152
\thm@style=\toks22
\thm@bodyfont=\toks23
\thm@headfont=\toks24
\thm@notefont=\toks25
\thm@headpunct=\toks26
\thm@preskip=\skip56
\thm@postskip=\skip57
\thm@headsep=\skip58
\dth@everypar=\toks27
)
(E:\Miktex\tex/latex/mathtools\mathtools.sty
Package: mathtools 2024/10/04 v1.31 mathematical typesetting tools

(E:\Miktex\tex/latex/graphics\keyval.sty
Package: keyval 2022/05/29 v1.15 key=value parser (DPC)
\KV@toks@=\toks28
) (E:\Miktex\tex/latex/tools\calc.sty
Package: calc 2023/07/08 v4.3 Infix arithmetic (KKT,FJ)
\calc@Acount=\count278
\calc@Bcount=\count279
\calc@Adimen=\dimen153
\calc@Bdimen=\dimen154
\calc@Askip=\skip59
\calc@Bskip=\skip60
LaTeX Info: Redefining \setlength on input line 80.
LaTeX Info: Redefining \addtolength on input line 81.
\calc@Ccount=\count280
\calc@Cskip=\skip61
)
(E:\Miktex\tex/latex/mathtools\mhsetup.sty
Package: mhsetup 2021/03/18 v1.4 programming setup (MH)
)
\g_MT_multlinerow_int=\count281
\l_MT_multwidth_dim=\dimen155
\origjot=\skip62
\l_MT_shortvdotswithinadjustabove_dim=\dimen156
\l_MT_shortvdotswithinadjustbelow_dim=\dimen157
\l_MT_above_intertext_sep=\dimen158
\l_MT_below_intertext_sep=\dimen159
\l_MT_above_shortintertext_sep=\dimen160
\l_MT_below_shortintertext_sep=\dimen161
\xmathstrut@box=\box55
\xmathstrut@dim=\dimen162
)
(E:\Miktex\tex/latex/amsfonts\amssymb.sty
Package: amssymb 2013/01/14 v3.01 AMS font symbols
) (E:\Miktex\tex/latex/bbm\bbm.sty
Package: bbm 1999/03/15 V 1.2 provides fonts for set symbols - TH
LaTeX Font Info:    Overwriting math alphabet `\mathbbm' in version `bold'
(Font)                  U/bbm/m/n --> U/bbm/bx/n on input line 33.
LaTeX Font Info:    Overwriting math alphabet `\mathbbmss' in version `bold'
(Font)                  U/bbmss/m/n --> U/bbmss/bx/n on input line 35.
)
(E:\Miktex\tex/latex/jknappen\mathrsfs.sty
Package: mathrsfs 1996/01/01 Math RSFS package v1.0 (jk)
\symrsfs=\mathgroup6
)
(E:\Miktex\tex/latex/oberdiek\centernot.sty
Package: centernot 2016/05/16 v1.4 Centers the not symbol horizontally (HO)
)
(E:\Miktex\tex/latex/graphics\graphicx.sty
Package: graphicx 2021/09/16 v1.2d Enhanced LaTeX Graphics (DPC,SPQR)

(E:\Miktex\tex/latex/graphics\graphics.sty
Package: graphics 2024/08/06 v1.4g Standard LaTeX Graphics (DPC,SPQR)

(E:\Miktex\tex/latex/graphics\trig.sty
Package: trig 2023/12/02 v1.11 sin cos tan (DPC)
)
(E:\Miktex\tex/latex/graphics-cfg\graphics.cfg
File: graphics.cfg 2016/06/04 v1.11 sample graphics configuration
)
Package graphics Info: Driver file: xetex.def on input line 106.

(E:\Miktex\tex/latex/graphics-def\xetex.def
File: xetex.def 2022/09/22 v5.0n Graphics/color driver for xetex
))
\Gin@req@height=\dimen163
\Gin@req@width=\dimen164
)
(E:\Miktex\tex/latex/float\float.sty
Package: float 2001/11/08 v1.3d Float enhancements (AL)
\c@float@type=\count282
\float@exts=\toks29
\float@box=\box56
\@float@everytoks=\toks30
\@floatcapt=\box57
)
(E:\Miktex\tex/latex/pgf/frontendlayer\tikz.sty
(E:\Miktex\tex/latex/pgf/basiclayer\pgf.sty
(E:\Miktex\tex/latex/pgf/utilities\pgfrcs.sty
(E:\Miktex\tex/generic/pgf/utilities\pgfutil-common.tex
\pgfutil@everybye=\toks31
\pgfutil@tempdima=\dimen165
\pgfutil@tempdimb=\dimen166
)
(E:\Miktex\tex/generic/pgf/utilities\pgfutil-latex.def
\pgfutil@abb=\box58
)
(E:\Miktex\tex/generic/pgf/utilities\pgfrcs.code.tex
(E:\Miktex\tex/generic/pgf\pgf.revision.tex)
Package: pgfrcs 2023-01-15 v3.1.10 (3.1.10)
))
Package: pgf 2023-01-15 v3.1.10 (3.1.10)

(E:\Miktex\tex/latex/pgf/basiclayer\pgfcore.sty
(E:\Miktex\tex/latex/pgf/systemlayer\pgfsys.sty
(E:\Miktex\tex/generic/pgf/systemlayer\pgfsys.code.tex
Package: pgfsys 2023-01-15 v3.1.10 (3.1.10)

(E:\Miktex\tex/generic/pgf/utilities\pgfkeys.code.tex
\pgfkeys@pathtoks=\toks32
\pgfkeys@temptoks=\toks33

(E:\Miktex\tex/generic/pgf/utilities\pgfkeyslibraryfiltered.code.tex
\pgfkeys@tmptoks=\toks34
))
\pgf@x=\dimen167
\pgf@y=\dimen168
\pgf@xa=\dimen169
\pgf@ya=\dimen170
\pgf@xb=\dimen171
\pgf@yb=\dimen172
\pgf@xc=\dimen173
\pgf@yc=\dimen174
\pgf@xd=\dimen175
\pgf@yd=\dimen176
\w@pgf@writea=\write3
\r@pgf@reada=\read2
\c@pgf@counta=\count283
\c@pgf@countb=\count284
\c@pgf@countc=\count285
\c@pgf@countd=\count286
\t@pgf@toka=\toks35
\t@pgf@tokb=\toks36
\t@pgf@tokc=\toks37
\pgf@sys@id@count=\count287

(E:\Miktex\tex/generic/pgf/systemlayer\pgf.cfg
File: pgf.cfg 2023-01-15 v3.1.10 (3.1.10)
)
Driver file for pgf: pgfsys-xetex.def

(E:\Miktex\tex/generic/pgf/systemlayer\pgfsys-xetex.def
File: pgfsys-xetex.def 2023-01-15 v3.1.10 (3.1.10)

(E:\Miktex\tex/generic/pgf/systemlayer\pgfsys-dvipdfmx.def
File: pgfsys-dvipdfmx.def 2023-01-15 v3.1.10 (3.1.10)

(E:\Miktex\tex/generic/pgf/systemlayer\pgfsys-common-pdf.def
File: pgfsys-common-pdf.def 2023-01-15 v3.1.10 (3.1.10)
)
\pgfsys@objnum=\count288
)))
(E:\Miktex\tex/generic/pgf/systemlayer\pgfsyssoftpath.code.tex
File: pgfsyssoftpath.code.tex 2023-01-15 v3.1.10 (3.1.10)
\pgfsyssoftpath@smallbuffer@items=\count289
\pgfsyssoftpath@bigbuffer@items=\count290
)
(E:\Miktex\tex/generic/pgf/systemlayer\pgfsysprotocol.code.tex
File: pgfsysprotocol.code.tex 2023-01-15 v3.1.10 (3.1.10)
))
(E:\Miktex\tex/latex/xcolor\xcolor.sty
Package: xcolor 2024/09/29 v3.02 LaTeX color extensions (UK)

(E:\Miktex\tex/latex/graphics-cfg\color.cfg
File: color.cfg 2016/01/02 v1.6 sample color configuration
)
Package xcolor Info: Driver file: xetex.def on input line 274.

(E:\Miktex\tex/latex/graphics\mathcolor.ltx)
Package xcolor Info: Model `cmy' substituted by `cmy0' on input line 1349.
Package xcolor Info: Model `RGB' extended on input line 1365.
Package xcolor Info: Model `HTML' substituted by `rgb' on input line 1367.
Package xcolor Info: Model `Hsb' substituted by `hsb' on input line 1368.
Package xcolor Info: Model `tHsb' substituted by `hsb' on input line 1369.
Package xcolor Info: Model `HSB' substituted by `hsb' on input line 1370.
Package xcolor Info: Model `Gray' substituted by `gray' on input line 1371.
Package xcolor Info: Model `wave' substituted by `hsb' on input line 1372.
)
(E:\Miktex\tex/generic/pgf/basiclayer\pgfcore.code.tex
Package: pgfcore 2023-01-15 v3.1.10 (3.1.10)

(E:\Miktex\tex/generic/pgf/math\pgfmath.code.tex
(E:\Miktex\tex/generic/pgf/math\pgfmathutil.code.tex)
(E:\Miktex\tex/generic/pgf/math\pgfmathparser.code.tex
\pgfmath@dimen=\dimen177
\pgfmath@count=\count291
\pgfmath@box=\box59
\pgfmath@toks=\toks38
\pgfmath@stack@operand=\toks39
\pgfmath@stack@operation=\toks40
)
(E:\Miktex\tex/generic/pgf/math\pgfmathfunctions.code.tex)
(E:\Miktex\tex/generic/pgf/math\pgfmathfunctions.basic.code.tex)
(E:\Miktex\tex/generic/pgf/math\pgfmathfunctions.trigonometric.code.tex)
(E:\Miktex\tex/generic/pgf/math\pgfmathfunctions.random.code.tex)
(E:\Miktex\tex/generic/pgf/math\pgfmathfunctions.comparison.code.tex)
(E:\Miktex\tex/generic/pgf/math\pgfmathfunctions.base.code.tex)
(E:\Miktex\tex/generic/pgf/math\pgfmathfunctions.round.code.tex)
(E:\Miktex\tex/generic/pgf/math\pgfmathfunctions.misc.code.tex)
(E:\Miktex\tex/generic/pgf/math\pgfmathfunctions.integerarithmetics.code.tex)
(E:\Miktex\tex/generic/pgf/math\pgfmathcalc.code.tex)
(E:\Miktex\tex/generic/pgf/math\pgfmathfloat.code.tex
\c@pgfmathroundto@lastzeros=\count292
))
(E:\Miktex\tex/generic/pgf/math\pgfint.code.tex)
(E:\Miktex\tex/generic/pgf/basiclayer\pgfcorepoints.code.tex
File: pgfcorepoints.code.tex 2023-01-15 v3.1.10 (3.1.10)
\pgf@picminx=\dimen178
\pgf@picmaxx=\dimen179
\pgf@picminy=\dimen180
\pgf@picmaxy=\dimen181
\pgf@pathminx=\dimen182
\pgf@pathmaxx=\dimen183
\pgf@pathminy=\dimen184
\pgf@pathmaxy=\dimen185
\pgf@xx=\dimen186
\pgf@xy=\dimen187
\pgf@yx=\dimen188
\pgf@yy=\dimen189
\pgf@zx=\dimen190
\pgf@zy=\dimen191
)
(E:\Miktex\tex/generic/pgf/basiclayer\pgfcorepathconstruct.code.tex
File: pgfcorepathconstruct.code.tex 2023-01-15 v3.1.10 (3.1.10)
\pgf@path@lastx=\dimen192
\pgf@path@lasty=\dimen193
)
(E:\Miktex\tex/generic/pgf/basiclayer\pgfcorepathusage.code.tex
File: pgfcorepathusage.code.tex 2023-01-15 v3.1.10 (3.1.10)
\pgf@shorten@end@additional=\dimen194
\pgf@shorten@start@additional=\dimen195
)
(E:\Miktex\tex/generic/pgf/basiclayer\pgfcorescopes.code.tex
File: pgfcorescopes.code.tex 2023-01-15 v3.1.10 (3.1.10)
\pgfpic=\box60
\pgf@hbox=\box61
\pgf@layerbox@main=\box62
\pgf@picture@serial@count=\count293
)
(E:\Miktex\tex/generic/pgf/basiclayer\pgfcoregraphicstate.code.tex
File: pgfcoregraphicstate.code.tex 2023-01-15 v3.1.10 (3.1.10)
\pgflinewidth=\dimen196
)
(E:\Miktex\tex/generic/pgf/basiclayer\pgfcoretransformations.code.tex
File: pgfcoretransformations.code.tex 2023-01-15 v3.1.10 (3.1.10)
\pgf@pt@x=\dimen197
\pgf@pt@y=\dimen198
\pgf@pt@temp=\dimen199
)
(E:\Miktex\tex/generic/pgf/basiclayer\pgfcorequick.code.tex
File: pgfcorequick.code.tex 2023-01-15 v3.1.10 (3.1.10)
)
(E:\Miktex\tex/generic/pgf/basiclayer\pgfcoreobjects.code.tex
File: pgfcoreobjects.code.tex 2023-01-15 v3.1.10 (3.1.10)
)
(E:\Miktex\tex/generic/pgf/basiclayer\pgfcorepathprocessing.code.tex
File: pgfcorepathprocessing.code.tex 2023-01-15 v3.1.10 (3.1.10)
)
(E:\Miktex\tex/generic/pgf/basiclayer\pgfcorearrows.code.tex
File: pgfcorearrows.code.tex 2023-01-15 v3.1.10 (3.1.10)
\pgfarrowsep=\dimen256
)
(E:\Miktex\tex/generic/pgf/basiclayer\pgfcoreshade.code.tex
File: pgfcoreshade.code.tex 2023-01-15 v3.1.10 (3.1.10)
\pgf@max=\dimen257
\pgf@sys@shading@range@num=\count294
\pgf@shadingcount=\count295
)
(E:\Miktex\tex/generic/pgf/basiclayer\pgfcoreimage.code.tex
File: pgfcoreimage.code.tex 2023-01-15 v3.1.10 (3.1.10)
)
(E:\Miktex\tex/generic/pgf/basiclayer\pgfcoreexternal.code.tex
File: pgfcoreexternal.code.tex 2023-01-15 v3.1.10 (3.1.10)
\pgfexternal@startupbox=\box63
)
(E:\Miktex\tex/generic/pgf/basiclayer\pgfcorelayers.code.tex
File: pgfcorelayers.code.tex 2023-01-15 v3.1.10 (3.1.10)
)
(E:\Miktex\tex/generic/pgf/basiclayer\pgfcoretransparency.code.tex
File: pgfcoretransparency.code.tex 2023-01-15 v3.1.10 (3.1.10)
)
(E:\Miktex\tex/generic/pgf/basiclayer\pgfcorepatterns.code.tex
File: pgfcorepatterns.code.tex 2023-01-15 v3.1.10 (3.1.10)
)
(E:\Miktex\tex/generic/pgf/basiclayer\pgfcorerdf.code.tex
File: pgfcorerdf.code.tex 2023-01-15 v3.1.10 (3.1.10)
)))
(E:\Miktex\tex/generic/pgf/modules\pgfmoduleshapes.code.tex
File: pgfmoduleshapes.code.tex 2023-01-15 v3.1.10 (3.1.10)
\pgfnodeparttextbox=\box64
)
(E:\Miktex\tex/generic/pgf/modules\pgfmoduleplot.code.tex
File: pgfmoduleplot.code.tex 2023-01-15 v3.1.10 (3.1.10)
)
(E:\Miktex\tex/latex/pgf/compatibility\pgfcomp-version-0-65.sty
Package: pgfcomp-version-0-65 2023-01-15 v3.1.10 (3.1.10)
\pgf@nodesepstart=\dimen258
\pgf@nodesepend=\dimen259
)
(E:\Miktex\tex/latex/pgf/compatibility\pgfcomp-version-1-18.sty
Package: pgfcomp-version-1-18 2023-01-15 v3.1.10 (3.1.10)
))
(E:\Miktex\tex/latex/pgf/utilities\pgffor.sty
(E:\Miktex\tex/latex/pgf/utilities\pgfkeys.sty
(E:\Miktex\tex/generic/pgf/utilities\pgfkeys.code.tex))
(E:\Miktex\tex/latex/pgf/math\pgfmath.sty
(E:\Miktex\tex/generic/pgf/math\pgfmath.code.tex))
(E:\Miktex\tex/generic/pgf/utilities\pgffor.code.tex
Package: pgffor 2023-01-15 v3.1.10 (3.1.10)
\pgffor@iter=\dimen260
\pgffor@skip=\dimen261
\pgffor@stack=\toks41
\pgffor@toks=\toks42
))
(E:\Miktex\tex/generic/pgf/frontendlayer/tikz\tikz.code.tex
Package: tikz 2023-01-15 v3.1.10 (3.1.10)

(E:\Miktex\tex/generic/pgf/libraries\pgflibraryplothandlers.code.tex
File: pgflibraryplothandlers.code.tex 2023-01-15 v3.1.10 (3.1.10)
\pgf@plot@mark@count=\count296
\pgfplotmarksize=\dimen262
)
\tikz@lastx=\dimen263
\tikz@lasty=\dimen264
\tikz@lastxsaved=\dimen265
\tikz@lastysaved=\dimen266
\tikz@lastmovetox=\dimen267
\tikz@lastmovetoy=\dimen268
\tikzleveldistance=\dimen269
\tikzsiblingdistance=\dimen270
\tikz@figbox=\box65
\tikz@figbox@bg=\box66
\tikz@tempbox=\box67
\tikz@tempbox@bg=\box68
\tikztreelevel=\count297
\tikznumberofchildren=\count298
\tikznumberofcurrentchild=\count299
\tikz@fig@count=\count300

(E:\Miktex\tex/generic/pgf/modules\pgfmodulematrix.code.tex
File: pgfmodulematrix.code.tex 2023-01-15 v3.1.10 (3.1.10)
\pgfmatrixcurrentrow=\count301
\pgfmatrixcurrentcolumn=\count302
\pgf@matrix@numberofcolumns=\count303
)
\tikz@expandcount=\count304

(E:\Miktex\tex/generic/pgf/frontendlayer/tikz/libraries\tikzlibrarytopaths.code
.tex
File: tikzlibrarytopaths.code.tex 2023-01-15 v3.1.10 (3.1.10)
))) (E:\Miktex\tex/latex/tikz-cd\tikz-cd.sty
Package: tikz-cd 2021/05/04 v1.0 Commutative diagrams with TikZ

(E:\Miktex\tex/latex/tikz-cd\tikzlibrarycd.code.tex
(E:\Miktex\tex/generic/pgf/frontendlayer/tikz/libraries\tikzlibrarymatrix.code.
tex
File: tikzlibrarymatrix.code.tex 2023-01-15 v3.1.10 (3.1.10)
)
(E:\Miktex\tex/generic/pgf/frontendlayer/tikz/libraries\tikzlibraryquotes.code.
tex
File: tikzlibraryquotes.code.tex 2023-01-15 v3.1.10 (3.1.10)
) (E:\Miktex\tex/generic/pgf/libraries\pgflibraryarrows.meta.code.tex
File: pgflibraryarrows.meta.code.tex 2023-01-15 v3.1.10 (3.1.10)
\pgfarrowinset=\dimen271
\pgfarrowlength=\dimen272
\pgfarrowwidth=\dimen273
\pgfarrowlinewidth=\dimen274
)))
(E:\Miktex\tex/latex/pgfplots\pgfplots.sty
(E:\Miktex\tex/generic/pgfplots\pgfplots.revision.tex)
Package: pgfplots 2021/05/15 v1.18.1 Data Visualization (1.18.1)

(E:\Miktex\tex/generic/pgfplots\pgfplots.code.tex
(E:\Miktex\tex/generic/pgfplots\pgfplotscore.code.tex
\t@pgfplots@toka=\toks43
\t@pgfplots@tokb=\toks44
\t@pgfplots@tokc=\toks45
\pgfplots@tmpa=\dimen275
\c@pgfplots@coordindex=\count305
\c@pgfplots@scanlineindex=\count306

(E:\Miktex\tex/generic/pgfplots/sys\pgfplotssysgeneric.code.tex))
(E:\Miktex\tex/generic/pgfplots/libs\pgfplotslibrary.code.tex)
(E:\Miktex\tex/generic/pgfplots/oldpgfcompatib\pgfplotsoldpgfsupp_loader.code.t
ex (E:\Miktex\tex/generic/pgf/libraries\pgflibraryfpu.code.tex)
Package pgfplots: loading complementary utilities for your pgf version...
\t@pgf@toka=\toks46
\t@pgf@tokb=\toks47
\t@pgf@tokc=\toks48

(E:\Miktex\tex/generic/pgfplots/oldpgfcompatib\pgfplotsoldpgfsupp_pgfutil-commo
n-lists.tex)) (E:\Miktex\tex/generic/pgfplots/util\pgfplotsutil.code.tex
(E:\Miktex\tex/generic/pgfplots/liststructure\pgfplotsliststructure.code.tex)
(E:\Miktex\tex/generic/pgfplots/liststructure\pgfplotsliststructureext.code.tex
) (E:\Miktex\tex/generic/pgfplots/liststructure\pgfplotsarray.code.tex
\c@pgfplotsarray@tmp=\count307
)
(E:\Miktex\tex/generic/pgfplots/liststructure\pgfplotsmatrix.code.tex)
(E:\Miktex\tex/generic/pgfplots/numtable\pgfplotstableshared.code.tex
\c@pgfplotstable@counta=\count308
\t@pgfplotstable@a=\toks49
)
(E:\Miktex\tex/generic/pgfplots/liststructure\pgfplotsdeque.code.tex)
(E:\Miktex\tex/generic/pgfplots/util\pgfplotsbinary.code.tex
(E:\Miktex\tex/generic/pgfplots/util\pgfplotsbinary.data.code.tex))
(E:\Miktex\tex/generic/pgfplots/util\pgfplotsutil.verb.code.tex)
(E:\Miktex\tex/generic/pgfplots/libs\pgflibrarypgfplots.surfshading.code.tex
\c@pgfplotslibrarysurf@no=\count309

(E:\Miktex\tex/generic/pgfplots/sys\pgflibrarypgfplots.surfshading.pgfsys-xetex
.def
(E:\Miktex\tex/generic/pgfplots/sys\pgflibrarypgfplots.surfshading.pgfsys-dvipd
fmx.def
\c@pgfplotslibrarysurf@streamlen=\count310
)))) (E:\Miktex\tex/generic/pgfplots/util\pgfplotscolormap.code.tex
(E:\Miktex\tex/generic/pgfplots/util\pgfplotscolor.code.tex))
(E:\Miktex\tex/generic/pgfplots\pgfplotsstackedplots.code.tex)
(E:\Miktex\tex/generic/pgfplots\pgfplotsplothandlers.code.tex
(E:\Miktex\tex/generic/pgfplots\pgfplotsmeshplothandler.code.tex
(E:\Miktex\tex/generic/pgfplots\pgfplotsmeshplotimage.code.tex)))
(E:\Miktex\tex/generic/pgfplots\pgfplots.scaling.code.tex)
(E:\Miktex\tex/generic/pgfplots\pgfplotscoordprocessing.code.tex)
(E:\Miktex\tex/generic/pgfplots\pgfplots.errorbars.code.tex)
(E:\Miktex\tex/generic/pgfplots\pgfplots.markers.code.tex)
(E:\Miktex\tex/generic/pgfplots\pgfplotsticks.code.tex)
(E:\Miktex\tex/generic/pgfplots\pgfplots.paths.code.tex)
(E:\Miktex\tex/generic/pgf/frontendlayer/tikz/libraries\tikzlibrarydecorations.
code.tex (E:\Miktex\tex/generic/pgf/modules\pgfmoduledecorations.code.tex
\pgfdecoratedcompleteddistance=\dimen276
\pgfdecoratedremainingdistance=\dimen277
\pgfdecoratedinputsegmentcompleteddistance=\dimen278
\pgfdecoratedinputsegmentremainingdistance=\dimen279
\pgf@decorate@distancetomove=\dimen280
\pgf@decorate@repeatstate=\count311
\pgfdecorationsegmentamplitude=\dimen281
\pgfdecorationsegmentlength=\dimen282
)
\tikz@lib@dec@box=\box69
)
(E:\Miktex\tex/generic/pgf/frontendlayer/tikz/libraries\tikzlibrarydecorations.
pathmorphing.code.tex
(E:\Miktex\tex/generic/pgf/libraries/decorations\pgflibrarydecorations.pathmorp
hing.code.tex))
(E:\Miktex\tex/generic/pgf/frontendlayer/tikz/libraries\tikzlibrarydecorations.
pathreplacing.code.tex
(E:\Miktex\tex/generic/pgf/libraries/decorations\pgflibrarydecorations.pathrepl
acing.code.tex))
(E:\Miktex\tex/generic/pgfplots/libs\tikzlibrarypgfplots.contourlua.code.tex)
\pgfplots@numplots=\count312
\pgfplots@xmin@reg=\dimen283
\pgfplots@xmax@reg=\dimen284
\pgfplots@ymin@reg=\dimen285
\pgfplots@ymax@reg=\dimen286
\pgfplots@zmin@reg=\dimen287
\pgfplots@zmax@reg=\dimen288
)
(E:\Miktex\tex/generic/pgf/frontendlayer/tikz/libraries\tikzlibraryplotmarks.co
de.tex
File: tikzlibraryplotmarks.code.tex 2023-01-15 v3.1.10 (3.1.10)
 (E:\Miktex\tex/generic/pgf/libraries\pgflibraryplotmarks.code.tex
File: pgflibraryplotmarks.code.tex 2023-01-15 v3.1.10 (3.1.10)
)))
(E:\Miktex\tex/latex/mdframed\mdframed.sty
Package: mdframed 2013/07/01 1.9b: mdframed

(E:\Miktex\tex/latex/kvoptions\kvoptions.sty
Package: kvoptions 2022-06-15 v3.15 Key value format for package options (HO)

(E:\Miktex\tex/generic/ltxcmds\ltxcmds.sty
Package: ltxcmds 2023-12-04 v1.26 LaTeX kernel commands for general use (HO)
)
(E:\Miktex\tex/latex/kvsetkeys\kvsetkeys.sty
Package: kvsetkeys 2022-10-05 v1.19 Key value parser (HO)
))
(E:\Miktex\tex/latex/l3packages/xparse\xparse.sty
(E:\Miktex\tex/latex/l3kernel\expl3.sty
Package: expl3 2025-01-18 L3 programming layer (loader) 

(E:\Miktex\tex/latex/l3backend\l3backend-xetex.def
File: l3backend-xetex.def 2024-05-08 L3 backend support: XeTeX
\g__graphics_track_int=\count313
\l__pdf_internal_box=\box70
\g__pdf_backend_annotation_int=\count314
\g__pdf_backend_link_int=\count315
))
Package: xparse 2024-08-16 L3 Experimental document command parser
)
(E:\Miktex\tex/latex/etoolbox\etoolbox.sty
Package: etoolbox 2025/02/11 v2.5l e-TeX tools for LaTeX (JAW)
\etb@tempcnta=\count316
)
(E:\Miktex\tex/latex/zref\zref-abspage.sty
Package: zref-abspage 2023-09-14 v2.35 Module abspage for zref (HO)

(E:\Miktex\tex/latex/zref\zref-base.sty
Package: zref-base 2023-09-14 v2.35 Module base for zref (HO)

(E:\Miktex\tex/generic/infwarerr\infwarerr.sty
Package: infwarerr 2019/12/03 v1.5 Providing info/warning/error messages (HO)
)
(E:\Miktex\tex/generic/kvdefinekeys\kvdefinekeys.sty
Package: kvdefinekeys 2019-12-19 v1.6 Define keys (HO)
)
(E:\Miktex\tex/generic/pdftexcmds\pdftexcmds.sty
Package: pdftexcmds 2020-06-27 v0.33 Utility functions of pdfTeX for LuaTeX (HO
)

(E:\Miktex\tex/generic/iftex\iftex.sty
Package: iftex 2024/12/12 v1.0g TeX engine tests
)
Package pdftexcmds Info: \pdf@primitive is available.
Package pdftexcmds Info: \pdf@ifprimitive is available.
Package pdftexcmds Info: \pdfdraftmode not found.
)
(E:\Miktex\tex/generic/etexcmds\etexcmds.sty
Package: etexcmds 2019/12/15 v1.7 Avoid name clashes with e-TeX commands (HO)
)
(E:\Miktex\tex/latex/auxhook\auxhook.sty
Package: auxhook 2019-12-17 v1.6 Hooks for auxiliary files (HO)
)
Package zref Info: New property list: main on input line 767.
Package zref Info: New property: default on input line 768.
Package zref Info: New property: page on input line 769.
)
\c@abspage=\count317
Package zref Info: New property: abspage on input line 67.
)
(E:\Miktex\tex/latex/needspace\needspace.sty
Package: needspace 2025/03/13 v1.3e reserve vertical space
)
\mdf@templength=\skip63
\c@mdf@globalstyle@cnt=\count318
\mdf@skipabove@length=\skip64
\mdf@skipbelow@length=\skip65
\mdf@leftmargin@length=\skip66
\mdf@rightmargin@length=\skip67
\mdf@innerleftmargin@length=\skip68
\mdf@innerrightmargin@length=\skip69
\mdf@innertopmargin@length=\skip70
\mdf@innerbottommargin@length=\skip71
\mdf@splittopskip@length=\skip72
\mdf@splitbottomskip@length=\skip73
\mdf@outermargin@length=\skip74
\mdf@innermargin@length=\skip75
\mdf@linewidth@length=\skip76
\mdf@innerlinewidth@length=\skip77
\mdf@middlelinewidth@length=\skip78
\mdf@outerlinewidth@length=\skip79
\mdf@roundcorner@length=\skip80
\mdf@footenotedistance@length=\skip81
\mdf@userdefinedwidth@length=\skip82
\mdf@needspace@length=\skip83
\mdf@frametitleaboveskip@length=\skip84
\mdf@frametitlebelowskip@length=\skip85
\mdf@frametitlerulewidth@length=\skip86
\mdf@frametitleleftmargin@length=\skip87
\mdf@frametitlerightmargin@length=\skip88
\mdf@shadowsize@length=\skip89
\mdf@extratopheight@length=\skip90
\mdf@subtitleabovelinewidth@length=\skip91
\mdf@subtitlebelowlinewidth@length=\skip92
\mdf@subtitleaboveskip@length=\skip93
\mdf@subtitlebelowskip@length=\skip94
\mdf@subtitleinneraboveskip@length=\skip95
\mdf@subtitleinnerbelowskip@length=\skip96
\mdf@subsubtitleabovelinewidth@length=\skip97
\mdf@subsubtitlebelowlinewidth@length=\skip98
\mdf@subsubtitleaboveskip@length=\skip99
\mdf@subsubtitlebelowskip@length=\skip100
\mdf@subsubtitleinneraboveskip@length=\skip101
\mdf@subsubtitleinnerbelowskip@length=\skip102

(E:\Miktex\tex/latex/mdframed\md-frame-1.mdf
File: md-frame-1.mdf 2013/07/01\ 1.9b: md-frame-1
)
\mdf@frametitlebox=\box71
\mdf@footnotebox=\box72
\mdf@splitbox@one=\box73
\mdf@splitbox@two=\box74
\mdf@splitbox@save=\box75
\mdfsplitboxwidth=\skip103
\mdfsplitboxtotalwidth=\skip104
\mdfsplitboxheight=\skip105
\mdfsplitboxdepth=\skip106
\mdfsplitboxtotalheight=\skip107
\mdfframetitleboxwidth=\skip108
\mdfframetitleboxtotalwidth=\skip109
\mdfframetitleboxheight=\skip110
\mdfframetitleboxdepth=\skip111
\mdfframetitleboxtotalheight=\skip112
\mdffootnoteboxwidth=\skip113
\mdffootnoteboxtotalwidth=\skip114
\mdffootnoteboxheight=\skip115
\mdffootnoteboxdepth=\skip116
\mdffootnoteboxtotalheight=\skip117
\mdftotallinewidth=\skip118
\mdfboundingboxwidth=\skip119
\mdfboundingboxtotalwidth=\skip120
\mdfboundingboxheight=\skip121
\mdfboundingboxdepth=\skip122
\mdfboundingboxtotalheight=\skip123
\mdf@freevspace@length=\skip124
\mdf@horizontalwidthofbox@length=\skip125
\mdf@verticalmarginwhole@length=\skip126
\mdf@horizontalspaceofbox=\skip127
\mdfsubtitleheight=\skip128
\mdfsubsubtitleheight=\skip129
\c@mdfcountframes=\count319

****** mdframed patching \endmdf@trivlist

****** -- success******

\mdf@envdepth=\count320
\c@mdf@env@i=\count321
\c@mdf@env@ii=\count322
\c@mdf@zref@counter=\count323
Package zref Info: New property: mdf@pagevalue on input line 895.
)
(E:\Miktex\tex/generic/pgf/frontendlayer/tikz/libraries\tikzlibrarypositioning.
code.tex
File: tikzlibrarypositioning.code.tex 2023-01-15 v3.1.10 (3.1.10)
)
(E:\Miktex\tex/generic/pgf/frontendlayer/tikz/libraries\tikzlibraryarrows.code.
tex
File: tikzlibraryarrows.code.tex 2023-01-15 v3.1.10 (3.1.10)
 (E:\Miktex\tex/generic/pgf/libraries\pgflibraryarrows.code.tex
File: pgflibraryarrows.code.tex 2023-01-15 v3.1.10 (3.1.10)
\arrowsize=\dimen289
))
(E:\Miktex\tex/generic/pgf/frontendlayer/tikz/libraries\tikzlibraryautomata.cod
e.tex
File: tikzlibraryautomata.code.tex 2023-01-15 v3.1.10 (3.1.10)

(E:\Miktex\tex/generic/pgf/frontendlayer/tikz/libraries\tikzlibraryshapes.multi
part.code.tex
File: tikzlibraryshapes.multipart.code.tex 2023-01-15 v3.1.10 (3.1.10)

(E:\Miktex\tex/generic/pgf/libraries/shapes\pgflibraryshapes.multipart.code.tex
File: pgflibraryshapes.multipart.code.tex 2023-01-15 v3.1.10 (3.1.10)
\pgfnodepartlowerbox=\box76
\pgfnodeparttwobox=\box77
\pgfnodepartthreebox=\box78
\pgfnodepartfourbox=\box79
\pgfnodeparttwentybox=\box80
\pgfnodepartnineteenbox=\box81
\pgfnodeparteighteenbox=\box82
\pgfnodepartseventeenbox=\box83
\pgfnodepartsixteenbox=\box84
\pgfnodepartfifteenbox=\box85
\pgfnodepartfourteenbox=\box86
\pgfnodepartthirteenbox=\box87
\pgfnodeparttwelvebox=\box88
\pgfnodepartelevenbox=\box89
\pgfnodeparttenbox=\box90
\pgfnodepartninebox=\box91
\pgfnodeparteightbox=\box92
\pgfnodepartsevenbox=\box93
\pgfnodepartsixbox=\box94
\pgfnodepartfivebox=\box95
)))
(E:\Miktex\tex/generic/pgf/frontendlayer/tikz/libraries\tikzlibrarycalc.code.te
x
File: tikzlibrarycalc.code.tex 2023-01-15 v3.1.10 (3.1.10)
)
(E:\Miktex\tex/generic/pgf/frontendlayer/tikz/libraries\tikzlibraryshapes.code.
tex
File: tikzlibraryshapes.code.tex 2023-01-15 v3.1.10 (3.1.10)

(E:\Miktex\tex/generic/pgf/frontendlayer/tikz/libraries\tikzlibraryshapes.geome
tric.code.tex
File: tikzlibraryshapes.geometric.code.tex 2023-01-15 v3.1.10 (3.1.10)

(E:\Miktex\tex/generic/pgf/libraries/shapes\pgflibraryshapes.geometric.code.tex
File: pgflibraryshapes.geometric.code.tex 2023-01-15 v3.1.10 (3.1.10)
))
(E:\Miktex\tex/generic/pgf/frontendlayer/tikz/libraries\tikzlibraryshapes.misc.
code.tex
File: tikzlibraryshapes.misc.code.tex 2023-01-15 v3.1.10 (3.1.10)

(E:\Miktex\tex/generic/pgf/libraries/shapes\pgflibraryshapes.misc.code.tex
File: pgflibraryshapes.misc.code.tex 2023-01-15 v3.1.10 (3.1.10)
))
(E:\Miktex\tex/generic/pgf/frontendlayer/tikz/libraries\tikzlibraryshapes.symbo
ls.code.tex
File: tikzlibraryshapes.symbols.code.tex 2023-01-15 v3.1.10 (3.1.10)

(E:\Miktex\tex/generic/pgf/libraries/shapes\pgflibraryshapes.symbols.code.tex
File: pgflibraryshapes.symbols.code.tex 2023-01-15 v3.1.10 (3.1.10)
))
(E:\Miktex\tex/generic/pgf/frontendlayer/tikz/libraries\tikzlibraryshapes.arrow
s.code.tex
File: tikzlibraryshapes.arrows.code.tex 2023-01-15 v3.1.10 (3.1.10)

(E:\Miktex\tex/generic/pgf/libraries/shapes\pgflibraryshapes.arrows.code.tex
File: pgflibraryshapes.arrows.code.tex 2023-01-15 v3.1.10 (3.1.10)
))
(E:\Miktex\tex/generic/pgf/frontendlayer/tikz/libraries\tikzlibraryshapes.callo
uts.code.tex
(E:\Miktex\tex/generic/pgf/libraries/shapes\pgflibraryshapes.callouts.code.tex)
))
(E:\Miktex\tex/generic/pgf/frontendlayer/tikz/libraries\tikzlibrarypatterns.cod
e.tex
File: tikzlibrarypatterns.code.tex 2023-01-15 v3.1.10 (3.1.10)
 (E:\Miktex\tex/generic/pgf/libraries\pgflibrarypatterns.code.tex
File: pgflibrarypatterns.code.tex 2023-01-15 v3.1.10 (3.1.10)
))
(E:\Miktex\tex/generic/pgfplots/libs\tikzlibrarypgfplots.statistics.code.tex)
(E:\Miktex\tex/latex/booktabs\booktabs.sty
Package: booktabs 2020/01/12 v1.61803398 Publication quality tables
\heavyrulewidth=\dimen290
\lightrulewidth=\dimen291
\cmidrulewidth=\dimen292
\belowrulesep=\dimen293
\belowbottomsep=\dimen294
\aboverulesep=\dimen295
\abovetopsep=\dimen296
\cmidrulesep=\dimen297
\cmidrulekern=\dimen298
\defaultaddspace=\dimen299
\@cmidla=\count324
\@cmidlb=\count325
\@aboverulesep=\dimen300
\@belowrulesep=\dimen301
\@thisruleclass=\count326
\@lastruleclass=\count327
\@thisrulewidth=\dimen302
)
(E:\Miktex\tex/latex/multirow\multirow.sty
Package: multirow 2024/11/12 v2.9 Span multiple rows of a table
\multirow@colwidth=\skip130
\multirow@cntb=\count328
\multirow@dima=\skip131
\bigstrutjot=\dimen303
)
(E:\Miktex\tex/latex/colortbl\colortbl.sty
Package: colortbl 2024/07/06 v1.0i Color table columns (DPC)
 (E:\Miktex\tex/latex/tools\array.sty
Package: array 2024/10/17 v2.6g Tabular extension package (FMi)
\col@sep=\dimen304
\ar@mcellbox=\box96
\extrarowheight=\dimen305
\NC@list=\toks50
\extratabsurround=\skip132
\backup@length=\skip133
\ar@cellbox=\box97
)
\everycr=\toks51
\minrowclearance=\skip134
\rownum=\count329
) (E:\Miktex\tex/latex/enumitem\enumitem.sty
Package: enumitem 2025/02/06 v3.11 Customized lists
\labelindent=\skip135
\enit@outerparindent=\dimen306
\enit@toks=\toks52
\enit@inbox=\box98
\enit@count@id=\count330
\enitdp@description=\count331
)
(E:\Miktex\tex/latex/algorithms\algorithm.sty
Invalid UTF-8 byte or sequence at line 11 replaced by U+FFFD.
Package: algorithm 2009/08/24 v0.1 Document Style `algorithm' - floating enviro
nment

(E:\Miktex\tex/latex/base\ifthen.sty
Package: ifthen 2024/03/16 v1.1e Standard LaTeX ifthen package (DPC)
)
\@float@every@algorithm=\toks53
\c@algorithm=\count332
)
(E:\Miktex\tex/latex/algorithms\algorithmic.sty
Invalid UTF-8 byte or sequence at line 11 replaced by U+FFFD.
Package: algorithmic 2009/08/24 v0.1 Document Style `algorithmic'
\c@ALC@unique=\count333
\c@ALC@line=\count334
\c@ALC@rem=\count335
\c@ALC@depth=\count336
\ALC@tlm=\skip136
\algorithmicindent=\skip137
)
(E:\Miktex\tex/latex/listings\listings.sty
\lst@mode=\count337
\lst@gtempboxa=\box99
\lst@token=\toks54
\lst@length=\count338
\lst@currlwidth=\dimen307
\lst@column=\count339
\lst@pos=\count340
\lst@lostspace=\dimen308
\lst@width=\dimen309
\lst@newlines=\count341
\lst@lineno=\count342
\lst@maxwidth=\dimen310

(E:\Miktex\tex/latex/listings\lstpatch.sty
File: lstpatch.sty 2024/09/23 1.10c (Carsten Heinz)
)
(E:\Miktex\tex/latex/listings\lstmisc.sty
File: lstmisc.sty 2024/09/23 1.10c (Carsten Heinz)
\c@lstnumber=\count343
\lst@skipnumbers=\count344
\lst@framebox=\box100
)
(E:\Miktex\tex/latex/listings\listings.cfg
File: listings.cfg 2024/09/23 1.10c listings configuration
))
Package: listings 2024/09/23 1.10c (Carsten Heinz)

(E:\Miktex\tex/xelatex/xecjk\xeCJK.sty
Package: xeCJK 2022/08/05 v3.9.1 Typesetting CJK scripts with XeLaTeX
 (E:\Miktex\tex/latex/ctex\ctexhook.sty
Package: ctexhook 2022/07/14 v2.5.10 Document and package hooks (CTEX)
)
(E:\Miktex\tex/latex/l3packages/xtemplate\xtemplate.sty
Package: xtemplate 2024-08-16 L3 Experimental prototype document functions
)
\l__xeCJK_tmp_int=\count345
\l__xeCJK_tmp_box=\box101
\l__xeCJK_tmp_dim=\dimen311
\l__xeCJK_tmp_skip=\skip138
\g__xeCJK_space_factor_int=\count346
\l__xeCJK_begin_int=\count347
\l__xeCJK_end_int=\count348
\c__xeCJK_CJK_class_int=\XeTeXcharclass1
\c__xeCJK_FullLeft_class_int=\XeTeXcharclass2
\c__xeCJK_FullRight_class_int=\XeTeXcharclass3
\c__xeCJK_HalfLeft_class_int=\XeTeXcharclass4
\c__xeCJK_HalfRight_class_int=\XeTeXcharclass5
\c__xeCJK_NormalSpace_class_int=\XeTeXcharclass6
\c__xeCJK_CM_class_int=\XeTeXcharclass7
\c__xeCJK_HangulJamo_class_int=\XeTeXcharclass8
\l__xeCJK_last_skip=\skip139
\c__xeCJK_none_node=\count349
\g__xeCJK_node_int=\count350
\c__xeCJK_CJK_node_dim=\dimen312
\c__xeCJK_CJK-space_node_dim=\dimen313
\c__xeCJK_default_node_dim=\dimen314
\c__xeCJK_CJK-widow_node_dim=\dimen315
\c__xeCJK_normalspace_node_dim=\dimen316
\c__xeCJK_default-space_node_skip=\skip140
\l__xeCJK_ccglue_skip=\skip141
\l__xeCJK_ecglue_skip=\skip142
\l__xeCJK_punct_kern_skip=\skip143
\l__xeCJK_indent_box=\box102
\l__xeCJK_last_penalty_int=\count351
\l__xeCJK_last_bound_dim=\dimen317
\l__xeCJK_last_kern_dim=\dimen318
\l__xeCJK_widow_penalty_int=\count352

LaTeX template Info: Declaring template type 'xeCJK/punctuation' taking 0
(template)           argument(s) on line 2396.

\l__xeCJK_fixed_punct_width_dim=\dimen319
\l__xeCJK_mixed_punct_width_dim=\dimen320
\l__xeCJK_middle_punct_width_dim=\dimen321
\l__xeCJK_fixed_margin_width_dim=\dimen322
\l__xeCJK_mixed_margin_width_dim=\dimen323
\l__xeCJK_middle_margin_width_dim=\dimen324
\l__xeCJK_bound_punct_width_dim=\dimen325
\l__xeCJK_bound_margin_width_dim=\dimen326
\l__xeCJK_margin_minimum_dim=\dimen327
\l__xeCJK_kerning_total_width_dim=\dimen328
\l__xeCJK_same_align_margin_dim=\dimen329
\l__xeCJK_different_align_margin_dim=\dimen330
\l__xeCJK_kerning_margin_width_dim=\dimen331
\l__xeCJK_kerning_margin_minimum_dim=\dimen332
\l__xeCJK_bound_dim=\dimen333
\l__xeCJK_reverse_bound_dim=\dimen334
\l__xeCJK_margin_dim=\dimen335
\l__xeCJK_minimum_bound_dim=\dimen336
\l__xeCJK_kerning_margin_dim=\dimen337
\g__xeCJK_family_int=\count353
\l__xeCJK_fam_int=\count354
\g__xeCJK_fam_allocation_int=\count355
\l__xeCJK_verb_case_int=\count356
\l__xeCJK_verb_exspace_skip=\skip144

(E:\Miktex\tex/latex/fontspec\fontspec.sty
Package: fontspec 2024/05/11 v2.9e Font selection for XeLaTeX and LuaLaTeX

(E:\Miktex\tex/latex/fontspec\fontspec-xetex.sty
Package: fontspec-xetex 2024/05/11 v2.9e Font selection for XeLaTeX and LuaLaTe
X
\l__fontspec_script_int=\count357
\l__fontspec_language_int=\count358
\l__fontspec_strnum_int=\count359
\l__fontspec_tmp_int=\count360
\l__fontspec_tmpa_int=\count361
\l__fontspec_tmpb_int=\count362
\l__fontspec_tmpc_int=\count363
\l__fontspec_em_int=\count364
\l__fontspec_emdef_int=\count365
\l__fontspec_strong_int=\count366
\l__fontspec_strongdef_int=\count367
\l__fontspec_tmpa_dim=\dimen338
\l__fontspec_tmpb_dim=\dimen339
\l__fontspec_tmpc_dim=\dimen340

(E:\Miktex\tex/latex/base\fontenc.sty
Package: fontenc 2021/04/29 v2.0v Standard LaTeX package
)
(E:\Miktex\tex/latex/fontspec\fontspec.cfg)))
(E:\Miktex\tex/xelatex/xecjk\xeCJK-listings.sty
Package: xeCJK-listings 2022/08/05 v3.9.1 xeCJK patch file for listings
\l__xeCJK_listings_max_char_int=\count368
\l__xeCJK_listings_flag_int=\count369
)
(E:\Miktex\tex/xelatex/xecjk\xeCJK.cfg
File: xeCJK.cfg 2022/08/05 v3.9.1 Configuration file for xeCJK package
))

Package fontspec Info: 
(fontspec)             Could not resolve font "Noto Serif CJK SC/I" (it
(fontspec)             probably doesn't exist).


Package fontspec Info: 
(fontspec)             Font family 'NotoSerifCJKSC(0)' created for font 'Noto
(fontspec)             Serif CJK SC' with options [Script={CJK}].
(fontspec)              
(fontspec)              This font family consists of the following NFSS
(fontspec)             series/shapes:
(fontspec)              
(fontspec)             - 'normal' (m/n) with NFSS spec.: <->"Noto Serif CJK
(fontspec)             SC/OT:script=hani;language=dflt;"
(fontspec)             - 'bold' (b/n) with NFSS spec.: <->"Noto Serif CJK
(fontspec)             SC/B/OT:script=hani;language=dflt;"
(fontspec)             - 'bold italic' (b/it) with NFSS spec.: <->"Noto Serif
(fontspec)             CJK SC/BI/OT:script=hani;language=dflt;"


(E:\Miktex\tex/latex/fancyhdr\fancyhdr.sty
Package: fancyhdr 2025/02/07 v5.2 Extensive control of page headers and footers

\f@nch@headwidth=\skip145
\f@nch@offset@elh=\skip146
\f@nch@offset@erh=\skip147
\f@nch@offset@olh=\skip148
\f@nch@offset@orh=\skip149
\f@nch@offset@elf=\skip150
\f@nch@offset@erf=\skip151
\f@nch@offset@olf=\skip152
\f@nch@offset@orf=\skip153
\f@nch@height=\skip154
\f@nch@footalignment=\skip155
\f@nch@widthL=\skip156
\f@nch@widthC=\skip157
\f@nch@widthR=\skip158
\@temptokenb=\toks55
)
(E:\Miktex\tex/latex/caption\caption.sty
Package: caption 2023/08/05 v3.6o Customizing captions (AR)

(E:\Miktex\tex/latex/caption\caption3.sty
Package: caption3 2023/07/31 v2.4d caption3 kernel (AR)
\caption@tempdima=\dimen341
\captionmargin=\dimen342
\caption@leftmargin=\dimen343
\caption@rightmargin=\dimen344
\caption@width=\dimen345
\caption@indent=\dimen346
\caption@parindent=\dimen347
\caption@hangindent=\dimen348
Package caption Info: AMS or SMF document class detected.

(E:\Miktex\tex/latex/caption\caption-ams-smf.sto
File: caption-ams-smf.sto 2020/08/22 v2.0 Adaption of the caption package to th
e AMS and SMF document classes (AR)
))
\c@caption@flags=\count370
\c@continuedfloat=\count371
Package caption Info: float package is loaded.
Package caption Info: listings package is loaded.
)
(E:\Miktex\tex/latex/hyperref\hyperref.sty
Package: hyperref 2024-11-05 v7.01l Hypertext links for LaTeX

(E:\Miktex\tex/generic/pdfescape\pdfescape.sty
Package: pdfescape 2019/12/09 v1.15 Implements pdfTeX's escape features (HO)
)
(E:\Miktex\tex/latex/hycolor\hycolor.sty
Package: hycolor 2020-01-27 v1.10 Color options for hyperref/bookmark (HO)
)
(E:\Miktex\tex/latex/hyperref\nameref.sty
Package: nameref 2023-11-26 v2.56 Cross-referencing by name of section

(E:\Miktex\tex/latex/refcount\refcount.sty
Package: refcount 2019/12/15 v3.6 Data extraction from label references (HO)
)
(E:\Miktex\tex/generic/gettitlestring\gettitlestring.sty
Package: gettitlestring 2019/12/15 v1.6 Cleanup title references (HO)
)
\c@section@level=\count372
)
(E:\Miktex\tex/generic/stringenc\stringenc.sty
Package: stringenc 2019/11/29 v1.12 Convert strings between diff. encodings (HO
)
)
\@linkdim=\dimen349
\Hy@linkcounter=\count373
\Hy@pagecounter=\count374

(E:\Miktex\tex/latex/hyperref\pd1enc.def
File: pd1enc.def 2024-11-05 v7.01l Hyperref: PDFDocEncoding definition (HO)
)
(E:\Miktex\tex/generic/intcalc\intcalc.sty
Package: intcalc 2019/12/15 v1.3 Expandable calculations with integers (HO)
)
\Hy@SavedSpaceFactor=\count375

(E:\Miktex\tex/latex/hyperref\puenc.def
File: puenc.def 2024-11-05 v7.01l Hyperref: PDF Unicode definition (HO)
)
Package hyperref Info: Hyper figures OFF on input line 4157.
Package hyperref Info: Link nesting OFF on input line 4162.
Package hyperref Info: Hyper index ON on input line 4165.
Package hyperref Info: Plain pages OFF on input line 4172.
Package hyperref Info: Backreferencing OFF on input line 4177.
Package hyperref Info: Implicit mode ON; LaTeX internals redefined.
Package hyperref Info: Bookmarks ON on input line 4424.
\c@Hy@tempcnt=\count376
 (E:\Miktex\tex/latex/url\url.sty
\Urlmuskip=\muskip18
Package: url 2013/09/16  ver 3.4  Verb mode for urls, etc.
)
LaTeX Info: Redefining \url on input line 4763.
\XeTeXLinkMargin=\dimen350

(E:\Miktex\tex/generic/bitset\bitset.sty
Package: bitset 2019/12/09 v1.3 Handle bit-vector datatype (HO)

(E:\Miktex\tex/generic/bigintcalc\bigintcalc.sty
Package: bigintcalc 2019/12/15 v1.5 Expandable calculations on big integers (HO
)
))
\Fld@menulength=\count377
\Field@Width=\dimen351
\Fld@charsize=\dimen352
Package hyperref Info: Hyper figures OFF on input line 6042.
Package hyperref Info: Link nesting OFF on input line 6047.
Package hyperref Info: Hyper index ON on input line 6050.
Package hyperref Info: backreferencing OFF on input line 6057.
Package hyperref Info: Link coloring OFF on input line 6062.
Package hyperref Info: Link coloring with OCG OFF on input line 6067.
Package hyperref Info: PDF/A mode OFF on input line 6072.

(E:\Miktex\tex/latex/base\atbegshi-ltx.sty
Package: atbegshi-ltx 2021/01/10 v1.0c Emulation of the original atbegshi
package with kernel methods
)
\Hy@abspage=\count378
\c@Item=\count379
\c@Hfootnote=\count380
)
Package hyperref Info: Driver (autodetected): hxetex.

(E:\Miktex\tex/latex/hyperref\hxetex.def
File: hxetex.def 2024-11-05 v7.01l Hyperref driver for XeTeX
\pdfm@box=\box103
\c@Hy@AnnotLevel=\count381
\HyField@AnnotCount=\count382
\Fld@listcount=\count383
\c@bookmark@seq@number=\count384

(E:\Miktex\tex/latex/rerunfilecheck\rerunfilecheck.sty
Package: rerunfilecheck 2022-07-10 v1.10 Rerun checks for auxiliary files (HO)

(E:\Miktex\tex/latex/base\atveryend-ltx.sty
Package: atveryend-ltx 2020/08/19 v1.0a Emulation of the original atveryend pac
kage
with kernel methods
)
(E:\Miktex\tex/generic/uniquecounter\uniquecounter.sty
Package: uniquecounter 2019/12/15 v1.4 Provide unlimited unique counter (HO)
)
Package uniquecounter Info: New unique counter `rerunfilecheck' on input line 2
85.
)
\Hy@SectionHShift=\skip159
)
(E:\Miktex\tex/latex/cleveref\cleveref.sty
Package: cleveref 2018/03/27 v0.21.4 Intelligent cross-referencing
Package cleveref Info: `hyperref' support loaded on input line 2370.
LaTeX Info: Redefining \cref on input line 2370.
LaTeX Info: Redefining \Cref on input line 2370.
LaTeX Info: Redefining \crefrange on input line 2370.
LaTeX Info: Redefining \Crefrange on input line 2370.
LaTeX Info: Redefining \cpageref on input line 2370.
LaTeX Info: Redefining \Cpageref on input line 2370.
LaTeX Info: Redefining \cpagerefrange on input line 2370.
LaTeX Info: Redefining \Cpagerefrange on input line 2370.
LaTeX Info: Redefining \labelcref on input line 2370.
LaTeX Info: Redefining \labelcpageref on input line 2370.
Package cleveref Info: `amsthm' support loaded on input line 3026.
Package cleveref Info: `listings' support loaded on input line 3131.
)
(E:\Miktex\tex/latex/letltxmacro\letltxmacro.sty
Package: letltxmacro 2019/12/03 v1.6 Let assignment for LaTeX macros (HO)
)
(E:\Miktex\tex/latex/docmute\docmute.sty
Package: docmute 2012/03/22 v1.4 Input stand-alone documents
)
(E:\Miktex\tex/latex/gensymb\gensymb.sty
Package: gensymb 2022/10/17 v1.0.2 (KJH)
)
Package hyperref Info: Option `colorlinks' set `true' on input line 70.


Package hyperref Warning: Token not allowed in a PDF string (Unicode):
(hyperref)                removing `\spacefactor' on input line 70.


Package hyperref Warning: Token not allowed in a PDF string (Unicode):
(hyperref)                removing `\@m' on input line 70.


Package hyperref Warning: Token not allowed in a PDF string (Unicode):
(hyperref)                removing `\spacefactor' on input line 70.


Package hyperref Warning: Token not allowed in a PDF string (Unicode):
(hyperref)                removing `\@m' on input line 70.

Package hyperref Info: Option `bookmarksnumbered' set `true' on input line 70.
Package hyperref Info: Option `bookmarksopen' set `true' on input line 70.
\c@theorem=\count385
(inner-product.aux)
\openout1 = `inner-product.aux'.

LaTeX Font Info:    Checking defaults for OML/cmm/m/it on input line 103.
LaTeX Font Info:    ... okay on input line 103.
LaTeX Font Info:    Checking defaults for OMS/cmsy/m/n on input line 103.
LaTeX Font Info:    ... okay on input line 103.
LaTeX Font Info:    Checking defaults for OT1/cmr/m/n on input line 103.
LaTeX Font Info:    ... okay on input line 103.
LaTeX Font Info:    Checking defaults for T1/cmr/m/n on input line 103.
LaTeX Font Info:    ... okay on input line 103.
LaTeX Font Info:    Checking defaults for TS1/cmr/m/n on input line 103.
LaTeX Font Info:    ... okay on input line 103.
LaTeX Font Info:    Checking defaults for TU/lmr/m/n on input line 103.
LaTeX Font Info:    ... okay on input line 103.
LaTeX Font Info:    Checking defaults for OMX/cmex/m/n on input line 103.
LaTeX Font Info:    ... okay on input line 103.
LaTeX Font Info:    Checking defaults for U/cmr/m/n on input line 103.
LaTeX Font Info:    ... okay on input line 103.
LaTeX Font Info:    Checking defaults for PD1/pdf/m/n on input line 103.
LaTeX Font Info:    ... okay on input line 103.
LaTeX Font Info:    Checking defaults for PU/pdf/m/n on input line 103.
LaTeX Font Info:    ... okay on input line 103.
LaTeX Font Info:    Trying to load font information for U+msa on input line 103
.
 (E:\Miktex\tex/latex/amsfonts\umsa.fd
File: umsa.fd 2013/01/14 v3.01 AMS symbols A
)
LaTeX Font Info:    Trying to load font information for U+msb on input line 103
.

(E:\Miktex\tex/latex/amsfonts\umsb.fd
File: umsb.fd 2013/01/14 v3.01 AMS symbols B
)
LaTeX Font Info:    Trying to load font information for U+rsfs on input line 10
3.
 (E:\Miktex\tex/latex/jknappen\ursfs.fd
File: ursfs.fd 1998/03/24 rsfs font definition file (jk)
)
Package pgfplots notification 'compat/show suggested version=true': document ha
s been generated with the most recent feature set (\pgfplotsset{compat=1.18}).

\c@lstlisting=\count386

Package fontspec Info: 
(fontspec)             Adjusting the maths setup (use [no-math] to avoid
(fontspec)             this).

\symlegacymaths=\mathgroup7
LaTeX Font Info:    Overwriting symbol font `legacymaths' in version `bold'
(Font)                  OT1/cmr/m/n --> OT1/cmr/bx/n on input line 103.
LaTeX Font Info:    Redeclaring math accent \acute on input line 103.
LaTeX Font Info:    Redeclaring math accent \grave on input line 103.
LaTeX Font Info:    Redeclaring math accent \ddot on input line 103.
LaTeX Font Info:    Redeclaring math accent \tilde on input line 103.
LaTeX Font Info:    Redeclaring math accent \bar on input line 103.
LaTeX Font Info:    Redeclaring math accent \breve on input line 103.
LaTeX Font Info:    Redeclaring math accent \check on input line 103.
LaTeX Font Info:    Redeclaring math accent \hat on input line 103.
LaTeX Font Info:    Redeclaring math accent \dot on input line 103.
LaTeX Font Info:    Redeclaring math accent \mathring on input line 103.
LaTeX Font Info:    Redeclaring math symbol \Gamma on input line 103.
LaTeX Font Info:    Redeclaring math symbol \Delta on input line 103.
LaTeX Font Info:    Redeclaring math symbol \Theta on input line 103.
LaTeX Font Info:    Redeclaring math symbol \Lambda on input line 103.
LaTeX Font Info:    Redeclaring math symbol \Xi on input line 103.
LaTeX Font Info:    Redeclaring math symbol \Pi on input line 103.
LaTeX Font Info:    Redeclaring math symbol \Sigma on input line 103.
LaTeX Font Info:    Redeclaring math symbol \Upsilon on input line 103.
LaTeX Font Info:    Redeclaring math symbol \Phi on input line 103.
LaTeX Font Info:    Redeclaring math symbol \Psi on input line 103.
LaTeX Font Info:    Redeclaring math symbol \Omega on input line 103.
LaTeX Font Info:    Redeclaring math symbol \mathdollar on input line 103.
LaTeX Font Info:    Redeclaring symbol font `operators' on input line 103.
LaTeX Font Info:    Encoding `OT1' has changed to `TU' for symbol font
(Font)              `operators' in the math version `normal' on input line 103.

LaTeX Font Info:    Overwriting symbol font `operators' in version `normal'
(Font)                  OT1/cmr/m/n --> TU/lmr/m/n on input line 103.
LaTeX Font Info:    Encoding `OT1' has changed to `TU' for symbol font
(Font)              `operators' in the math version `bold' on input line 103.
LaTeX Font Info:    Overwriting symbol font `operators' in version `bold'
(Font)                  OT1/cmr/bx/n --> TU/lmr/m/n on input line 103.
LaTeX Font Info:    Overwriting symbol font `operators' in version `normal'
(Font)                  TU/lmr/m/n --> TU/lmr/m/n on input line 103.
LaTeX Font Info:    Overwriting math alphabet `\mathit' in version `normal'
(Font)                  OT1/cmr/m/it --> TU/lmr/m/it on input line 103.
LaTeX Font Info:    Overwriting math alphabet `\mathbf' in version `normal'
(Font)                  OT1/cmr/bx/n --> TU/lmr/b/n on input line 103.
LaTeX Font Info:    Overwriting math alphabet `\mathsf' in version `normal'
(Font)                  OT1/cmss/m/n --> TU/lmss/m/n on input line 103.
LaTeX Font Info:    Overwriting math alphabet `\mathtt' in version `normal'
(Font)                  OT1/cmtt/m/n --> TU/lmtt/m/n on input line 103.
LaTeX Font Info:    Overwriting symbol font `operators' in version `bold'
(Font)                  TU/lmr/m/n --> TU/lmr/b/n on input line 103.
LaTeX Font Info:    Overwriting math alphabet `\mathit' in version `bold'
(Font)                  OT1/cmr/bx/it --> TU/lmr/b/it on input line 103.
LaTeX Font Info:    Overwriting math alphabet `\mathsf' in version `bold'
(Font)                  OT1/cmss/bx/n --> TU/lmss/b/n on input line 103.
LaTeX Font Info:    Overwriting math alphabet `\mathtt' in version `bold'
(Font)                  OT1/cmtt/m/n --> TU/lmtt/b/n on input line 103.
Package caption Info: Begin \AtBeginDocument code.
Package caption Info: hyperref package is loaded.
Package caption Info: End \AtBeginDocument code.
Package hyperref Info: Link coloring ON on input line 103.
(inner-product.out) (inner-product.out)
\@outlinefile=\write4
\openout4 = `inner-product.out'.

LaTeX Info: Redefining \celsius on input line 103.
Package gensymb Info: Faking symbols for \degree and \celsius on input line 103
.


Package gensymb Warning: Not defining \perthousand.

LaTeX Info: Redefining \ohm on input line 103.
Package gensymb Info: Using \Omega for \ohm on input line 103.

Package gensymb Warning: Not defining \micro.

\docmute@nestinglevel=\count387
File: F:/iCloudDrive/iCloud~md~obsidian/2025-summer/figures/inner-product-20250
70721.png Graphic file (type bmp)
<F:/iCloudDrive/iCloud~md~obsidian/2025-summer/figures/inner-product-2025070721
.png>

Underfull \vbox (badness 2671) has occurred while \output is active []



[1]
Overfull \hbox (84.36784pt too wide) detected at line 141
[][]
 []


Overfull \hbox (12.5821pt too wide) detected at line 148
[][]
 []


LaTeX Font Warning: Font shape `TU/NotoSerifCJKSC(0)/m/sc' undefined
(Font)              using `TU/NotoSerifCJKSC(0)/m/n' instead on input line 168.



Package xeCJK Warning: Unknown CJK family `\CJKttdefault' is being ignored.
(xeCJK)                
(xeCJK)                Try to use `\setCJKmonofont[<...>]{<...>}' to define
(xeCJK)                it.



[2] (inner-product.aux)
 ***********
LaTeX2e <2024-11-01> patch level 2
L3 programming layer <2022/08/05>
 ***********


LaTeX Font Warning: Some font shapes were not available, defaults substituted.


LaTeX Warning: Label(s) may have changed. Rerun to get cross-references right.

Package rerunfilecheck Info: File `inner-product.out' has not changed.
(rerunfilecheck)             Checksum: D41D8CD98F00B204E9800998ECF8427E;0.
 ) 
Here is how much of TeX's memory you used:
 44863 strings out of 408640
 1073304 string characters out of 5752043
 1676268 words of memory out of 5000000
 67109 multiletter control sequences out of 15000+600000
 565498 words of font info for 79 fonts, out of 8000000 for 9000
 1509 hyphenation exceptions out of 8191
 84i,11n,97p,750b,479s stack positions out of 10000i,1000n,20000p,200000b,200000s

Output written on inner-product.pdf (2 pages).
